2024-05-06 00:39:15.480 [info] Log level: Info
2024-05-06 00:39:15.480 [info] Validating found git in: "git"
2024-05-06 00:39:15.480 [info] Using git "2.45.0" from "git"
2024-05-06 00:39:15.480 [info] > git rev-parse --show-toplevel [15ms]
2024-05-06 00:39:15.480 [info] fatal: not a git repository (or any of the parent directories): .git
2024-05-06 00:39:15.480 [info] > git rev-parse --show-toplevel [81ms]
2024-05-06 00:39:15.480 [info] fatal: not a git repository (or any of the parent directories): .git
2024-05-06 00:39:15.482 [info] > git rev-parse --show-toplevel [5ms]
2024-05-06 00:39:15.483 [info] fatal: not a git repository (or any of the parent directories): .git
2024-05-06 00:39:19.200 [info] > git rev-parse --show-toplevel [2ms]
2024-05-06 00:39:19.200 [info] fatal: not a git repository (or any of the parent directories): .git
2024-05-06 00:39:33.113 [info] Log level: Info
2024-05-06 00:39:33.113 [info] Validating found git in: "git"
2024-05-06 00:39:33.113 [info] Using git "2.45.0" from "git"
2024-05-06 00:39:33.113 [info] > git rev-parse --show-toplevel [4ms]
2024-05-06 00:39:33.114 [info] > git rev-parse --git-dir --git-common-dir [11ms]
2024-05-06 00:39:33.121 [info] Open repository: /home/vroomer/go-jek
2024-05-06 00:39:33.172 [info] > git rev-parse --show-toplevel [40ms]
2024-05-06 00:39:33.173 [info] > git config --get commit.template [45ms]
2024-05-06 00:39:33.188 [info] > git rev-parse --show-toplevel [6ms]
2024-05-06 00:39:33.194 [info] > git for-each-ref --format=%(refname)%00%(upstream:short)%00%(objectname)%00%(upstream:track)%00%(upstream:remotename)%00%(upstream:remoteref) refs/heads/master refs/remotes/master [7ms]
2024-05-06 00:39:33.198 [warning] ENOENT: no such file or directory, open '/home/vroomer/go-jek/.git/refs/remotes/origin/master'
2024-05-06 00:39:33.199 [info] > git rev-parse --show-toplevel [5ms]
2024-05-06 00:39:33.203 [info] > git rev-parse refs/remotes/origin/master [5ms]
2024-05-06 00:39:33.208 [info] > git rev-parse --show-toplevel [5ms]
2024-05-06 00:39:33.211 [info] > git status -z -uall [4ms]
2024-05-06 00:39:33.224 [info] > git merge-base refs/heads/master refs/remotes/origin/master [8ms]
2024-05-06 00:39:33.228 [info] > git rev-parse --show-toplevel [17ms]
2024-05-06 00:39:33.229 [info] > git rev-list --count --left-right refs/heads/master...refs/remotes/origin/master [1ms]
2024-05-06 00:39:33.233 [info] > git config --get commit.template [9ms]
2024-05-06 00:39:33.238 [info] > git diff --name-status -z --diff-filter=ADMR fb861fce0719c775ebdd04ce188e2cf1d829fceb...refs/remotes/origin/master [5ms]
2024-05-06 00:39:33.238 [info] > git for-each-ref --format=%(refname)%00%(upstream:short)%00%(objectname)%00%(upstream:track)%00%(upstream:remotename)%00%(upstream:remoteref) refs/heads/master refs/remotes/master [1ms]
2024-05-06 00:39:33.241 [warning] ENOENT: no such file or directory, open '/home/vroomer/go-jek/.git/refs/remotes/origin/master'
2024-05-06 00:39:33.242 [info] > git rev-parse refs/remotes/origin/master [1ms]
2024-05-06 00:39:33.247 [info] > git status -z -uall [2ms]
2024-05-06 00:39:33.686 [info] > git check-ignore -v -z --stdin [2ms]
2024-05-06 00:39:35.638 [info] > git show --textconv :README.md [5ms]
2024-05-06 00:39:35.639 [info] > git ls-files --stage -- /home/vroomer/go-jek/README.md [2ms]
2024-05-06 00:39:35.650 [info] > git cat-file -s 441a2486dc196ec6bd8b00c096895e717c9c8362 [8ms]
2024-05-06 00:40:04.864 [info] > git check-ignore -v -z --stdin [4ms]
2024-05-06 00:40:04.938 [info] > git show --textconv :bin/parking_lot [8ms]
2024-05-06 00:40:04.939 [info] > git ls-files --stage -- /home/vroomer/go-jek/bin/parking_lot [2ms]
2024-05-06 00:40:04.945 [info] > git cat-file -s bd24275569fa5473e9351edfb320e58e250b9344 [2ms]
2024-05-06 00:40:06.129 [info] > git show --textconv :bin/run_functional_tests [16ms]
2024-05-06 00:40:06.135 [info] > git ls-files --stage -- /home/vroomer/go-jek/bin/run_functional_tests [7ms]
2024-05-06 00:40:06.153 [info] > git cat-file -s 871f4678d7551dd5cb1ebbeadb55bce9101a4e1b [5ms]
2024-05-06 00:40:06.954 [info] > git show --textconv :bin/setup [10ms]
2024-05-06 00:40:06.956 [info] > git ls-files --stage -- /home/vroomer/go-jek/bin/setup [2ms]
2024-05-06 00:40:06.966 [info] > git cat-file -s 358bc9f936e57ae8d33df38047fd37e5274a343f [3ms]
2024-05-06 00:40:07.930 [info] > git check-ignore -v -z --stdin [1ms]
2024-05-06 00:40:09.849 [info] > git show --textconv :bin/run_functional_tests [8ms]
2024-05-06 00:40:09.850 [info] > git ls-files --stage -- /home/vroomer/go-jek/bin/run_functional_tests [2ms]
2024-05-06 00:40:09.858 [info] > git cat-file -s 871f4678d7551dd5cb1ebbeadb55bce9101a4e1b [2ms]
2024-05-06 00:40:10.853 [info] > git show --textconv :bin/parking_lot [16ms]
2024-05-06 00:40:10.856 [info] > git ls-files --stage -- /home/vroomer/go-jek/bin/parking_lot [5ms]
2024-05-06 00:40:10.872 [info] > git cat-file -s bd24275569fa5473e9351edfb320e58e250b9344 [3ms]
2024-05-06 00:40:12.213 [info] > git show --textconv :bin/setup [0ms]
2024-05-06 00:40:12.218 [info] > git ls-files --stage -- /home/vroomer/go-jek/bin/setup [1ms]
2024-05-06 00:40:12.222 [info] > git cat-file -s 358bc9f936e57ae8d33df38047fd37e5274a343f [1ms]
2024-05-06 00:40:14.708 [info] > git check-ignore -v -z --stdin [4ms]
2024-05-06 00:40:15.986 [info] > git show --textconv :functional_spec/spec/parking_lot_spec.rb [11ms]
2024-05-06 00:40:15.988 [info] > git ls-files --stage -- /home/vroomer/go-jek/functional_spec/spec/parking_lot_spec.rb [3ms]
2024-05-06 00:40:16.001 [info] > git cat-file -s ca01a7b2f60ec29b4b8a1146ca76a43f5c927116 [4ms]
2024-05-06 00:40:16.851 [info] > git show --textconv :functional_spec/spec/spec_helper.rb [16ms]
2024-05-06 00:40:16.855 [info] > git ls-files --stage -- /home/vroomer/go-jek/functional_spec/spec/spec_helper.rb [4ms]
2024-05-06 00:40:16.871 [info] > git cat-file -s 40839ab3f2d67e7cb679cd5713dae5cb8e4b0c92 [4ms]
2024-05-06 00:40:18.630 [info] > git show --textconv :functional_spec/spec/end_to_end_spec.rb [8ms]
2024-05-06 00:40:18.631 [info] > git ls-files --stage -- /home/vroomer/go-jek/functional_spec/spec/end_to_end_spec.rb [2ms]
2024-05-06 00:40:18.639 [info] > git cat-file -s addf524927c6234b5b71bd56c0b4c55e9c6e9c15 [2ms]
2024-05-06 00:40:48.126 [info] > git show --textconv :README.md [5ms]
2024-05-06 00:40:48.127 [info] > git ls-files --stage -- /home/vroomer/go-jek/README.md [1ms]
2024-05-06 00:40:48.132 [info] > git cat-file -s 441a2486dc196ec6bd8b00c096895e717c9c8362 [1ms]
2024-05-06 00:41:22.645 [info] > git config --get commit.template [6ms]
2024-05-06 00:41:22.645 [info] > git for-each-ref --format=%(refname)%00%(upstream:short)%00%(objectname)%00%(upstream:track)%00%(upstream:remotename)%00%(upstream:remoteref) refs/heads/master refs/remotes/master [2ms]
2024-05-06 00:41:22.650 [warning] ENOENT: no such file or directory, open '/home/vroomer/go-jek/.git/refs/remotes/origin/master'
2024-05-06 00:41:22.651 [info] > git rev-parse refs/remotes/origin/master [1ms]
2024-05-06 00:41:22.657 [info] > git status -z -uall [2ms]
2024-05-06 00:41:25.429 [info] > git check-ignore -v -z --stdin [1ms]
2024-05-06 00:41:27.118 [info] > git check-ignore -v -z --stdin [4ms]
2024-05-06 00:41:27.763 [info] > git show --textconv :functional_spec/fixtures/file_input.txt [15ms]
2024-05-06 00:41:27.766 [info] > git ls-files --stage -- /home/vroomer/go-jek/functional_spec/fixtures/file_input.txt [4ms]
2024-05-06 00:41:27.783 [info] > git cat-file -s 71807d98637c547cad7578bb5aaf1a00636bbf37 [5ms]
2024-05-06 00:42:35.031 [info] > git check-ignore -v -z --stdin [5ms]
2024-05-06 00:42:36.528 [info] > git check-ignore -v -z --stdin [1ms]
2024-05-06 00:42:36.808 [info] > git show --textconv :src/main/java/com/gojek/parser/InputCommandParser.java [17ms]
2024-05-06 00:42:36.811 [info] > git ls-files --stage -- /home/vroomer/go-jek/src/main/java/com/gojek/parser/InputCommandParser.java [5ms]
2024-05-06 00:42:36.828 [info] > git cat-file -s c446a17495233d76be10c75008d46167b65217d2 [5ms]
2024-05-06 00:42:37.064 [info] > git check-ignore -v -z --stdin [5ms]
2024-05-06 00:42:48.690 [info] > git show --textconv :src/main/java/com/gojek/service/ParkingService.java [5ms]
2024-05-06 00:42:48.690 [info] > git ls-files --stage -- /home/vroomer/go-jek/src/main/java/com/gojek/service/ParkingService.java [1ms]
2024-05-06 00:42:48.695 [info] > git cat-file -s b9bb93bd52157c707c4daa6bfbc6f6fa4a0dbf76 [1ms]
2024-05-06 00:42:48.986 [info] > git check-ignore -v -z --stdin [4ms]
2024-05-06 00:43:49.056 [info] > git check-ignore -v -z --stdin [1ms]
2024-05-06 00:43:49.222 [info] > git show --textconv :src/main/java/com/gojek/parkingLot/ParkingLot.java [5ms]
2024-05-06 00:43:49.223 [info] > git ls-files --stage -- /home/vroomer/go-jek/src/main/java/com/gojek/parkingLot/ParkingLot.java [1ms]
2024-05-06 00:43:49.227 [info] > git cat-file -s 6c980325468f63e9a59280c02a3ad1b45dfc66fd [1ms]
