2024-04-13 13:53:22.814 [info] Getting Manifest... ms-python.debugpy
2024-04-13 13:53:23.177 [info] Installing extension: ms-python.debugpy
2024-04-13 13:53:23.610 [info] Getting Manifest... ms-python.python
2024-04-13 13:53:25.399 [info] Installing extension: ms-python.python
2024-04-13 13:53:31.781 [error] Could not load vsce-sign module Cannot find module '@vscode/vsce-sign'
Require stack:
- /usr/lib/code/out/bootstrap-amd.js
- /usr/lib/code/out/bootstrap-fork.js
2024-04-13 13:53:31.796 [info] Extension signature verification is not done: ms-python.python
2024-04-13 13:53:33.089 [info] Extracted extension to file:///home/vroomer/.vscode-oss/extensions/ms-python.python-2024.4.1-universal: ms-python.python
2024-04-13 13:53:33.106 [info] Renamed to /home/vroomer/.vscode-oss/extensions/ms-python.python-2024.4.1-universal
2024-04-13 13:53:33.121 [info] Extracting extension completed. ms-python.python
2024-04-13 13:53:33.238 [error] [uncaught exception in sharedProcess]: Error: ENOENT: no such file or directory, stat '/home/vroomer/.vscode-oss/extensions/extensions.json.vsctmp': EntryNotFound (FileSystemError): Error: ENOENT: no such file or directory, stat '/home/vroomer/.vscode-oss/extensions/extensions.json.vsctmp'
    at r.create (/usr/lib/code/out/vs/code/node/sharedProcess/sharedProcessMain.js:53:30080)
    at a (/usr/lib/code/out/vs/code/node/sharedProcess/sharedProcessMain.js:53:30195)
    at i.fb (/usr/lib/code/out/vs/code/node/sharedProcess/sharedProcessMain.js:58:36500)
    at i.stat (/usr/lib/code/out/vs/code/node/sharedProcess/sharedProcessMain.js:58:28946)
    at async $.stat (/usr/lib/code/out/vs/code/node/sharedProcess/sharedProcessMain.js:58:16092)
    at async K.sb (/usr/lib/code/out/vs/code/node/sharedProcess/sharedProcessMain.js:104:108402)
2024-04-13 13:53:41.654 [error] Could not load vsce-sign module Cannot find module '@vscode/vsce-sign'
Require stack:
- /usr/lib/code/out/bootstrap-amd.js
- /usr/lib/code/out/bootstrap-fork.js
2024-04-13 13:53:41.658 [info] Extension signature verification is not done: ms-python.debugpy
2024-04-13 13:53:41.976 [info] Extracted extension to file:///home/vroomer/.vscode-oss/extensions/ms-python.debugpy-2024.4.0-linux-x64: ms-python.debugpy
2024-04-13 13:53:41.983 [info] Renamed to /home/vroomer/.vscode-oss/extensions/ms-python.debugpy-2024.4.0-linux-x64
2024-04-13 13:53:41.985 [info] Extracting extension completed. ms-python.debugpy
2024-04-13 13:53:41.993 [info] Extension installed successfully: ms-python.python
2024-04-13 13:53:41.993 [info] Extension installed successfully: ms-python.debugpy
2024-04-13 13:53:42.063 [error] [uncaught exception in sharedProcess]: Error: ENOENT: no such file or directory, stat '/home/vroomer/.vscode-oss/extensions/extensions.json.vsctmp': EntryNotFound (FileSystemError): Error: ENOENT: no such file or directory, stat '/home/vroomer/.vscode-oss/extensions/extensions.json.vsctmp'
    at r.create (/usr/lib/code/out/vs/code/node/sharedProcess/sharedProcessMain.js:53:30080)
    at a (/usr/lib/code/out/vs/code/node/sharedProcess/sharedProcessMain.js:53:30195)
    at i.fb (/usr/lib/code/out/vs/code/node/sharedProcess/sharedProcessMain.js:58:36500)
    at i.stat (/usr/lib/code/out/vs/code/node/sharedProcess/sharedProcessMain.js:58:28946)
    at async $.stat (/usr/lib/code/out/vs/code/node/sharedProcess/sharedProcessMain.js:58:16092)
    at async K.sb (/usr/lib/code/out/vs/code/node/sharedProcess/sharedProcessMain.js:104:108402)
