2024-05-06 00:39:14.757 [info] Deleted uninstalled extension from disk rust-lang.rust-analyzer /home/vroomer/.vscode-oss/extensions/rust-lang.rust-analyzer-0.3.1916-linux-x64
2024-05-06 00:39:14.806 [error] [uncaught exception in sharedProcess]: Error: ENOENT: no such file or directory, stat '/home/vroomer/.vscode-oss/extensions/rust-lang.rust-analyzer-0.3.1916-linux-x64.64e52595.vsctmp': EntryNotFound (FileSystemError): Error: ENOENT: no such file or directory, stat '/home/vroomer/.vscode-oss/extensions/rust-lang.rust-analyzer-0.3.1916-linux-x64.64e52595.vsctmp'
    at r.create (/usr/lib/code/out/vs/code/node/sharedProcess/sharedProcessMain.js:53:30080)
    at a (/usr/lib/code/out/vs/code/node/sharedProcess/sharedProcessMain.js:53:30195)
    at i.fb (/usr/lib/code/out/vs/code/node/sharedProcess/sharedProcessMain.js:58:36500)
    at i.stat (/usr/lib/code/out/vs/code/node/sharedProcess/sharedProcessMain.js:58:28946)
    at async $.stat (/usr/lib/code/out/vs/code/node/sharedProcess/sharedProcessMain.js:58:16092)
    at async K.sb (/usr/lib/code/out/vs/code/node/sharedProcess/sharedProcessMain.js:104:108402)
2024-05-06 00:39:14.829 [info] Deleted uninstalled extension from disk equinusocio.vsc-material-theme-icons /home/vroomer/.vscode-oss/extensions/equinusocio.vsc-material-theme-icons-3.5.0-universal
2024-05-06 00:39:21.298 [info] Getting Manifest... ms-python.debugpy
2024-05-06 00:39:21.315 [info] Getting Manifest... rust-lang.rust-analyzer
2024-05-06 00:39:23.253 [info] Installing extension: ms-python.debugpy
2024-05-06 00:39:23.385 [info] Installing extension: rust-lang.rust-analyzer
2024-05-06 00:39:23.640 [info] Getting Manifest... ms-python.python
2024-05-06 00:39:29.972 [error] Could not load vsce-sign module Cannot find module '@vscode/vsce-sign'
Require stack:
- /usr/lib/code/out/bootstrap-amd.js
- /usr/lib/code/out/bootstrap-fork.js
2024-05-06 00:39:29.992 [info] Extension signature verification is not done: rust-lang.rust-analyzer
2024-05-06 00:39:30.354 [info] Extracted extension to file:///home/vroomer/.vscode-oss/extensions/rust-lang.rust-analyzer-0.3.1940-linux-x64: rust-lang.rust-analyzer
2024-05-06 00:39:30.360 [info] Renamed to /home/vroomer/.vscode-oss/extensions/rust-lang.rust-analyzer-0.3.1940-linux-x64
2024-05-06 00:39:30.363 [info] Extracting extension completed. rust-lang.rust-analyzer
2024-05-06 00:39:30.372 [info] Extension installed successfully: rust-lang.rust-analyzer
2024-05-06 00:39:30.375 [info] Marked extension as uninstalled rust-lang.rust-analyzer-0.3.1924-linux-x64
2024-05-06 00:39:30.456 [error] [uncaught exception in sharedProcess]: Error: ENOENT: no such file or directory, stat '/home/vroomer/.vscode-oss/extensions/extensions.json.vsctmp': EntryNotFound (FileSystemError): Error: ENOENT: no such file or directory, stat '/home/vroomer/.vscode-oss/extensions/extensions.json.vsctmp'
    at r.create (/usr/lib/code/out/vs/code/node/sharedProcess/sharedProcessMain.js:53:30080)
    at a (/usr/lib/code/out/vs/code/node/sharedProcess/sharedProcessMain.js:53:30195)
    at i.fb (/usr/lib/code/out/vs/code/node/sharedProcess/sharedProcessMain.js:58:36500)
    at i.stat (/usr/lib/code/out/vs/code/node/sharedProcess/sharedProcessMain.js:58:28946)
    at async $.stat (/usr/lib/code/out/vs/code/node/sharedProcess/sharedProcessMain.js:58:16092)
    at async K.sb (/usr/lib/code/out/vs/code/node/sharedProcess/sharedProcessMain.js:104:108402)
2024-05-06 00:39:33.672 [error] Could not load vsce-sign module Cannot find module '@vscode/vsce-sign'
Require stack:
- /usr/lib/code/out/bootstrap-amd.js
- /usr/lib/code/out/bootstrap-fork.js
2024-05-06 00:39:33.676 [info] Extension signature verification is not done: ms-python.debugpy
2024-05-06 00:39:33.930 [info] Extracted extension to file:///home/vroomer/.vscode-oss/extensions/ms-python.debugpy-2024.6.0-linux-x64: ms-python.debugpy
2024-05-06 00:39:33.936 [info] Renamed to /home/vroomer/.vscode-oss/extensions/ms-python.debugpy-2024.6.0-linux-x64
2024-05-06 00:39:33.937 [info] Extracting extension completed. ms-python.debugpy
2024-05-06 00:39:33.944 [info] Extension installed successfully: ms-python.debugpy
2024-05-06 00:39:33.946 [info] Marked extension as uninstalled ms-python.debugpy-2024.4.0-linux-x64
2024-05-06 00:39:34.018 [error] [uncaught exception in sharedProcess]: Error: ENOENT: no such file or directory, stat '/home/vroomer/.vscode-oss/extensions/extensions.json.vsctmp': EntryNotFound (FileSystemError): Error: ENOENT: no such file or directory, stat '/home/vroomer/.vscode-oss/extensions/extensions.json.vsctmp'
    at r.create (/usr/lib/code/out/vs/code/node/sharedProcess/sharedProcessMain.js:53:30080)
    at a (/usr/lib/code/out/vs/code/node/sharedProcess/sharedProcessMain.js:53:30195)
    at i.fb (/usr/lib/code/out/vs/code/node/sharedProcess/sharedProcessMain.js:58:36500)
    at i.stat (/usr/lib/code/out/vs/code/node/sharedProcess/sharedProcessMain.js:58:28946)
    at async $.stat (/usr/lib/code/out/vs/code/node/sharedProcess/sharedProcessMain.js:58:16092)
    at async K.sb (/usr/lib/code/out/vs/code/node/sharedProcess/sharedProcessMain.js:104:108402)
