2024-02-08 14:29:51 Loading main app package /usr/lib/obsidian/obsidian.asar
2024-02-08 14:29:52 Checking for update using Github
2024-02-08 14:29:52 Success.
2024-02-08 14:29:52 Latest version is 1.5.3
2024-02-08 14:29:52 App is up to date.
2024-03-02 07:41:45 Loading main app package /usr/lib/obsidian/obsidian.asar
2024-03-02 07:41:45 Checking for update using Github
2024-03-02 07:41:45 Success.
2024-03-02 07:41:45 Latest version is 1.5.8
2024-03-02 07:41:45 Downloading update from https://github.com/obsidianmd/obsidian-releases/releases/download/v1.5.8/obsidian-1.5.8.asar.gz
2024-03-02 07:41:49 Verifying hash & signature. Size= 8652806
2024-03-02 07:41:49 Saving file
2024-03-02 07:41:49 Update complete.
2024-03-02 08:41:45 Checking for update using Github
2024-03-02 08:41:45 Success.
2024-03-02 08:41:45 Latest version is 1.5.8
2024-03-02 08:41:45 An update is already downloaded.
2024-03-02 09:37:51 Loading updated app package /home/vroomer/.config/obsidian/obsidian-1.5.8.asar
2024-03-02 09:37:51 Checking for update using Github
2024-03-02 09:37:51 Success.
2024-03-02 09:37:51 Latest version is 1.5.8
2024-03-02 09:37:51 App is up to date.
2024-03-12 04:25:51 Loading main app package /usr/lib/obsidian/obsidian.asar
2024-03-12 04:25:52 Checking for update using Github
2024-03-12 04:25:52 Success.
2024-03-12 04:25:52 Latest version is 1.5.8
2024-03-12 04:25:52 App is up to date.
2024-03-12 04:35:43 Loading main app package /usr/lib/obsidian/obsidian.asar
2024-03-12 04:35:43 Checking for update using Github
2024-03-12 04:35:44 Success.
2024-03-12 04:35:44 Latest version is 1.5.8
2024-03-12 04:35:44 App is up to date.
2024-04-02 15:50:12 Loading main app package /usr/lib/obsidian/obsidian.asar
2024-04-02 15:50:12 Checking for update using Github
2024-04-02 15:50:13 Success.
2024-04-02 15:50:13 Latest version is 1.5.12
2024-04-02 15:50:13 Downloading update from https://github.com/obsidianmd/obsidian-releases/releases/download/v1.5.12/obsidian-1.5.12.asar.gz
2024-04-02 15:50:16 Verifying hash & signature. Size= 8781526
2024-04-02 15:50:16 Saving file
2024-04-02 15:50:17 Update complete.
2024-04-02 16:50:12 Checking for update using Github
2024-04-02 16:50:12 Success.
2024-04-02 16:50:12 Latest version is 1.5.12
2024-04-02 16:50:12 An update is already downloaded.
2024-04-02 17:50:12 Checking for update using Github
2024-04-02 17:50:12 Success.
2024-04-02 17:50:12 Latest version is 1.5.12
2024-04-02 17:50:12 An update is already downloaded.
2024-04-02 18:50:12 Checking for update using Github
2024-04-02 18:50:12 Success.
2024-04-02 18:50:12 Latest version is 1.5.12
2024-04-02 18:50:12 An update is already downloaded.
2024-04-02 19:50:12 Checking for update using Github
2024-04-02 19:50:13 Success.
2024-04-02 19:50:13 Latest version is 1.5.12
2024-04-02 19:50:13 An update is already downloaded.
2024-04-02 20:50:12 Checking for update using Github
2024-04-02 20:50:12 Success.
2024-04-02 20:50:12 Latest version is 1.5.12
2024-04-02 20:50:12 An update is already downloaded.
2024-04-02 21:50:12 Checking for update using Github
2024-04-02 21:50:12 Success.
2024-04-02 21:50:12 Latest version is 1.5.12
2024-04-02 21:50:12 An update is already downloaded.
2024-04-02 22:50:12 Checking for update using Github
2024-04-02 22:50:13 Success.
2024-04-02 22:50:13 Latest version is 1.5.12
2024-04-02 22:50:13 An update is already downloaded.
2024-04-02 23:50:13 Checking for update using Github
2024-04-02 23:50:13 Success.
2024-04-02 23:50:13 Latest version is 1.5.12
2024-04-02 23:50:13 An update is already downloaded.
2024-04-03 00:50:13 Checking for update using Github
2024-04-03 00:50:13 Success.
2024-04-03 00:50:13 Latest version is 1.5.12
2024-04-03 00:50:13 An update is already downloaded.
2024-04-03 01:50:13 Checking for update using Github
2024-04-03 01:50:13 Success.
2024-04-03 01:50:13 Latest version is 1.5.12
2024-04-03 01:50:13 An update is already downloaded.
2024-04-03 02:50:13 Checking for update using Github
2024-04-03 02:50:13 Success.
2024-04-03 02:50:13 Latest version is 1.5.12
2024-04-03 02:50:13 An update is already downloaded.
2024-04-03 03:50:13 Checking for update using Github
2024-04-03 03:50:13 Success.
2024-04-03 03:50:13 Latest version is 1.5.12
2024-04-03 03:50:13 An update is already downloaded.
2024-04-03 04:50:13 Checking for update using Github
2024-04-03 04:50:13 Success.
2024-04-03 04:50:13 Latest version is 1.5.12
2024-04-03 04:50:13 An update is already downloaded.
2024-04-03 05:50:13 Checking for update using Github
2024-04-03 05:50:13 Success.
2024-04-03 05:50:13 Latest version is 1.5.12
2024-04-03 05:50:13 An update is already downloaded.
2024-04-03 06:50:13 Checking for update using Github
2024-04-03 06:50:13 Success.
2024-04-03 06:50:13 Latest version is 1.5.12
2024-04-03 06:50:13 An update is already downloaded.
2024-04-03 07:50:13 Checking for update using Github
2024-04-03 07:50:13 Success.
2024-04-03 07:50:13 Latest version is 1.5.12
2024-04-03 07:50:13 An update is already downloaded.
2024-04-03 08:50:13 Checking for update using Github
2024-04-03 08:50:13 Success.
2024-04-03 08:50:13 Latest version is 1.5.12
2024-04-03 08:50:13 An update is already downloaded.
2024-04-03 09:50:13 Checking for update using Github
2024-04-03 09:50:13 Success.
2024-04-03 09:50:13 Latest version is 1.5.12
2024-04-03 09:50:13 An update is already downloaded.
2024-04-03 10:50:13 Checking for update using Github
2024-04-03 10:50:13 Success.
2024-04-03 10:50:13 Latest version is 1.5.12
2024-04-03 10:50:13 An update is already downloaded.
2024-04-03 11:50:13 Checking for update using Github
2024-04-03 11:50:13 Success.
2024-04-03 11:50:13 Latest version is 1.5.12
2024-04-03 11:50:13 An update is already downloaded.
2024-04-03 12:50:13 Checking for update using Github
2024-04-03 12:50:13 Success.
2024-04-03 12:50:13 Latest version is 1.5.12
2024-04-03 12:50:13 An update is already downloaded.
2024-04-03 13:50:13 Checking for update using Github
2024-04-03 13:50:13 Success.
2024-04-03 13:50:13 Latest version is 1.5.12
2024-04-03 13:50:13 An update is already downloaded.
2024-04-03 14:50:13 Checking for update using Github
2024-04-03 14:50:13 Success.
2024-04-03 14:50:13 Latest version is 1.5.12
2024-04-03 14:50:13 An update is already downloaded.
2024-04-03 15:50:13 Checking for update using Github
2024-04-03 15:50:13 Success.
2024-04-03 15:50:13 Latest version is 1.5.12
2024-04-03 15:50:13 An update is already downloaded.
2024-04-03 16:50:13 Checking for update using Github
2024-04-03 16:50:14 Success.
2024-04-03 16:50:14 Latest version is 1.5.12
2024-04-03 16:50:14 An update is already downloaded.
2024-04-03 17:50:14 Checking for update using Github
2024-04-03 17:50:14 Success.
2024-04-03 17:50:14 Latest version is 1.5.12
2024-04-03 17:50:14 An update is already downloaded.
2024-04-03 18:50:14 Checking for update using Github
2024-04-03 18:50:14 Success.
2024-04-03 18:50:14 Latest version is 1.5.12
2024-04-03 18:50:14 An update is already downloaded.
2024-04-03 19:50:14 Checking for update using Github
2024-04-03 19:50:14 Success.
2024-04-03 19:50:14 Latest version is 1.5.12
2024-04-03 19:50:14 An update is already downloaded.
2024-04-03 20:50:14 Checking for update using Github
2024-04-03 20:50:14 Success.
2024-04-03 20:50:14 Latest version is 1.5.12
2024-04-03 20:50:14 An update is already downloaded.
2024-04-03 21:50:14 Checking for update using Github
2024-04-03 21:50:14 Success.
2024-04-03 21:50:14 Latest version is 1.5.12
2024-04-03 21:50:14 An update is already downloaded.
2024-04-03 22:50:14 Checking for update using Github
2024-04-03 22:50:14 Success.
2024-04-03 22:50:14 Latest version is 1.5.12
2024-04-03 22:50:14 An update is already downloaded.
2024-04-03 23:50:14 Checking for update using Github
2024-04-03 23:50:14 Success.
2024-04-03 23:50:14 Latest version is 1.5.12
2024-04-03 23:50:14 An update is already downloaded.
2024-04-23 15:40:12 Loading main app package /usr/lib/obsidian/obsidian.asar
2024-04-23 15:40:12 Checking for update using Github
2024-04-23 15:40:12 Success.
2024-04-23 15:40:12 Latest version is 1.5.12
2024-04-23 15:40:12 App is up to date.
2024-05-02 10:20:43 Loading main app package /usr/lib/obsidian/obsidian.asar
2024-05-02 10:20:43 Checking for update using Github
2024-05-02 10:20:44 Success.
2024-05-02 10:20:44 Latest version is 1.5.12
2024-05-02 10:20:44 App is up to date.
2024-05-03 11:21:47 Loading main app package /usr/lib/obsidian/obsidian.asar
2024-05-03 11:21:47 Checking for update using Github
2024-05-03 11:21:48 Success.
2024-05-03 11:21:48 Latest version is 1.5.12
2024-05-03 11:21:48 App is up to date.
2024-05-06 08:33:30 Loading main app package /usr/lib/obsidian/obsidian.asar
2024-05-06 08:33:31 Checking for update using Github
2024-05-06 08:33:31 Success.
2024-05-06 08:33:31 Latest version is 1.5.12
2024-05-06 08:33:31 App is up to date.
2024-05-06 09:33:30 Checking for update using Github
2024-05-06 09:33:31 Success.
2024-05-06 09:33:31 Latest version is 1.5.12
2024-05-06 09:33:31 App is up to date.
2024-05-06 10:33:31 Checking for update using Github
2024-05-06 10:33:31 Success.
2024-05-06 10:33:31 Latest version is 1.5.12
2024-05-06 10:33:31 App is up to date.
2024-05-06 11:33:31 Checking for update using Github
2024-05-06 11:33:31 Success.
2024-05-06 11:33:31 Latest version is 1.5.12
2024-05-06 11:33:31 App is up to date.
2024-05-06 12:33:31 Checking for update using Github
2024-05-06 12:33:31 Success.
2024-05-06 12:33:31 Latest version is 1.5.12
2024-05-06 12:33:31 App is up to date.
2024-05-06 13:33:31 Checking for update using Github
2024-05-06 13:33:31 Success.
2024-05-06 13:33:31 Latest version is 1.5.12
2024-05-06 13:33:31 App is up to date.
2024-05-06 14:33:31 Checking for update using Github
2024-05-06 14:33:31 Success.
2024-05-06 14:33:31 Latest version is 1.5.12
2024-05-06 14:33:31 App is up to date.
2024-05-06 15:33:31 Checking for update using Github
2024-05-06 15:33:31 Success.
2024-05-06 15:33:31 Latest version is 1.5.12
2024-05-06 15:33:31 App is up to date.
2024-05-07 15:04:50 Loading main app package /usr/lib/obsidian/obsidian.asar
2024-05-07 15:04:51 Checking for update using Github
2024-05-07 15:04:51 Success.
2024-05-07 15:04:51 Latest version is 1.5.12
2024-05-07 15:04:51 App is up to date.
2024-05-07 16:04:50 Checking for update using Github
2024-05-07 16:04:50 Success.
2024-05-07 16:04:50 Latest version is 1.5.12
2024-05-07 16:04:50 App is up to date.
2024-05-07 17:04:50 Checking for update using Github
2024-05-07 17:04:50 Success.
2024-05-07 17:04:50 Latest version is 1.5.12
2024-05-07 17:04:50 App is up to date.
2024-05-07 18:04:50 Checking for update using Github
2024-05-07 18:04:50 Success.
2024-05-07 18:04:50 Latest version is 1.5.12
2024-05-07 18:04:50 App is up to date.
2024-05-07 19:04:50 Checking for update using Github
2024-05-07 19:04:50 Success.
2024-05-07 19:04:50 Latest version is 1.5.12
2024-05-07 19:04:50 App is up to date.
2024-05-09 07:34:24 Loading main app package /usr/lib/obsidian/obsidian.asar
2024-05-09 07:34:24 Checking for update using Github
2024-05-09 07:34:25 Success.
2024-05-09 07:34:25 Latest version is 1.5.12
2024-05-09 07:34:25 App is up to date.
2024-05-09 08:34:24 Checking for update using Github
2024-05-09 08:34:24 Success.
2024-05-09 08:34:24 Latest version is 1.5.12
2024-05-09 08:34:24 App is up to date.
2024-05-09 09:34:24 Checking for update using Github
2024-05-09 09:34:24 Success.
2024-05-09 09:34:24 Latest version is 1.5.12
2024-05-09 09:34:24 App is up to date.
2024-05-09 10:34:24 Checking for update using Github
2024-05-09 10:34:25 Success.
2024-05-09 10:34:25 Latest version is 1.5.12
2024-05-09 10:34:25 App is up to date.
2024-05-09 11:34:24 Checking for update using Github
2024-05-09 11:34:24 Success.
2024-05-09 11:34:24 Latest version is 1.5.12
2024-05-09 11:34:24 App is up to date.
2024-05-09 12:34:24 Checking for update using Github
2024-05-09 12:34:24 Success.
2024-05-09 12:34:24 Latest version is 1.5.12
2024-05-09 12:34:24 App is up to date.
2024-05-09 13:34:25 Checking for update using Github
2024-05-09 13:34:25 Success.
2024-05-09 13:34:25 Latest version is 1.5.12
2024-05-09 13:34:25 App is up to date.
2024-05-09 14:34:25 Checking for update using Github
2024-05-09 14:34:25 Success.
2024-05-09 14:34:25 Latest version is 1.5.12
2024-05-09 14:34:25 App is up to date.
2024-05-09 15:34:25 Checking for update using Github
2024-05-09 15:34:25 Success.
2024-05-09 15:34:25 Latest version is 1.5.12
2024-05-09 15:34:25 App is up to date.
2024-05-09 16:34:25 Checking for update using Github
2024-05-09 16:34:25 Success.
2024-05-09 16:34:25 Latest version is 1.5.12
2024-05-09 16:34:25 App is up to date.
2024-05-09 17:34:25 Checking for update using Github
2024-05-09 17:34:25 Success.
2024-05-09 17:34:25 Latest version is 1.5.12
2024-05-09 17:34:25 App is up to date.
2024-05-09 18:34:25 Checking for update using Github
2024-05-09 18:34:25 Success.
2024-05-09 18:34:25 Latest version is 1.5.12
2024-05-09 18:34:25 App is up to date.
2024-05-09 19:34:25 Checking for update using Github
2024-05-09 19:34:25 Success.
2024-05-09 19:34:25 Latest version is 1.5.12
2024-05-09 19:34:25 App is up to date.
2024-05-09 20:34:25 Checking for update using Github
2024-05-09 20:34:25 Success.
2024-05-09 20:34:25 Latest version is 1.5.12
2024-05-09 20:34:25 App is up to date.
2024-05-09 21:34:25 Checking for update using Github
2024-05-09 21:34:25 Success.
2024-05-09 21:34:25 Latest version is 1.5.12
2024-05-09 21:34:25 App is up to date.
2024-05-09 22:34:25 Checking for update using Github
2024-05-09 22:34:25 Success.
2024-05-09 22:34:25 Latest version is 1.5.12
2024-05-09 22:34:25 App is up to date.
2024-05-09 23:34:26 Checking for update using Github
2024-05-09 23:34:26 Success.
2024-05-09 23:34:26 Latest version is 1.5.12
2024-05-09 23:34:26 App is up to date.
2024-05-10 00:34:26 Checking for update using Github
2024-05-10 00:34:26 Success.
2024-05-10 00:34:26 Latest version is 1.5.12
2024-05-10 00:34:26 App is up to date.
2024-05-10 01:34:26 Checking for update using Github
2024-05-10 01:34:26 Success.
2024-05-10 01:34:26 Latest version is 1.5.12
2024-05-10 01:34:26 App is up to date.
2024-05-10 02:34:26 Checking for update using Github
2024-05-10 02:34:26 Success.
2024-05-10 02:34:26 Latest version is 1.5.12
2024-05-10 02:34:26 App is up to date.
2024-05-10 03:34:26 Checking for update using Github
2024-05-10 03:34:26 Success.
2024-05-10 03:34:26 Latest version is 1.5.12
2024-05-10 03:34:26 App is up to date.
2024-05-10 04:34:26 Checking for update using Github
2024-05-10 04:34:26 Success.
2024-05-10 04:34:26 Latest version is 1.5.12
2024-05-10 04:34:26 App is up to date.
2024-05-10 05:34:26 Checking for update using Github
2024-05-10 05:34:26 Success.
2024-05-10 05:34:26 Latest version is 1.5.12
2024-05-10 05:34:26 App is up to date.
2024-05-10 06:34:26 Checking for update using Github
2024-05-10 06:34:26 Success.
2024-05-10 06:34:26 Latest version is 1.5.12
2024-05-10 06:34:26 App is up to date.
2024-05-10 07:34:26 Checking for update using Github
2024-05-10 07:34:26 Success.
2024-05-10 07:34:26 Latest version is 1.5.12
2024-05-10 07:34:26 App is up to date.
