2024-04-11 17:17:25.945 [info] Log level: Info
2024-04-11 17:17:25.945 [info] Validating found git in: "git"
2024-04-11 17:17:25.945 [info] Using git "2.44.0" from "git"
2024-04-11 17:17:25.945 [info] > git rev-parse --show-toplevel [12ms]
2024-04-11 17:17:25.945 [info] > git rev-parse --git-dir --git-common-dir [106ms]
2024-04-11 17:17:25.945 [info] Open repository: /home/vroomer/Periodize.App
2024-04-11 17:17:25.945 [info] > git rev-parse --show-toplevel [93ms]
2024-04-11 17:17:25.945 [info] > git config --get commit.template [108ms]
2024-04-11 17:17:25.964 [info] > git rev-parse --show-toplevel [14ms]
2024-04-11 17:17:25.971 [info] > git for-each-ref --format=%(refname)%00%(upstream:short)%00%(objectname)%00%(upstream:track)%00%(upstream:remotename)%00%(upstream:remoteref) refs/heads/main refs/remotes/main [7ms]
2024-04-11 17:17:25.971 [info] > git rev-parse --show-toplevel [1ms]
2024-04-11 17:17:25.980 [info] > git rev-parse --show-toplevel [5ms]
2024-04-11 17:17:25.986 [info] > git status -z -uall [6ms]
2024-04-11 17:17:25.999 [info] > git merge-base refs/heads/main refs/remotes/origin/main [8ms]
2024-04-11 17:17:26.003 [info] > git rev-parse --show-toplevel [18ms]
2024-04-11 17:17:26.008 [info] > git config --get commit.template [10ms]
2024-04-11 17:17:26.036 [info] > git rev-parse --show-toplevel [28ms]
2024-04-11 17:17:26.037 [info] > git rev-list --count --left-right refs/heads/main...refs/remotes/origin/main [34ms]
2024-04-11 17:17:26.049 [info] > git diff --name-status -z --diff-filter=ADMR 87b76c91f67101999854fc78376ae129f25e1a24...refs/remotes/origin/main [8ms]
2024-04-11 17:17:26.051 [info] > git rev-parse --show-toplevel [3ms]
2024-04-11 17:17:26.052 [info] > git for-each-ref --format=%(refname)%00%(upstream:short)%00%(objectname)%00%(upstream:track)%00%(upstream:remotename)%00%(upstream:remoteref) refs/heads/main refs/remotes/main [7ms]
2024-04-11 17:17:26.058 [info] > git status -z -uall [1ms]
2024-04-11 17:17:26.203 [info] > git show --textconv :src/models/ExerciseChart.ts [4ms]
2024-04-11 17:17:26.204 [info] > git ls-files --stage -- /home/vroomer/Periodize.App/src/models/ExerciseChart.ts [2ms]
2024-04-11 17:17:26.208 [info] > git cat-file -s e07c61971c1ab3d1d08134e7f4f601faa86962cf [1ms]
2024-04-11 17:17:26.316 [info] > git check-ignore -v -z --stdin [1ms]
2024-04-11 17:17:33.524 [info] Log level: Info
2024-04-11 17:17:33.525 [info] Validating found git in: "git"
2024-04-11 17:17:33.525 [info] Using git "2.44.0" from "git"
2024-04-11 17:17:33.525 [info] > git rev-parse --show-toplevel [7ms]
2024-04-11 17:17:33.530 [info] > git rev-parse --git-dir --git-common-dir [1ms]
2024-04-11 17:17:33.538 [info] Open repository: /home/vroomer/codecrafters-bittorrent-rust
2024-04-11 17:17:33.549 [info] > git rev-parse --show-toplevel [2ms]
2024-04-11 17:17:33.550 [info] > git config --get commit.template [6ms]
2024-04-11 17:17:33.558 [info] > git rev-parse --show-toplevel [5ms]
2024-04-11 17:17:33.562 [info] > git rev-parse --show-toplevel [1ms]
2024-04-11 17:17:33.563 [info] > git for-each-ref --format=%(refname)%00%(upstream:short)%00%(objectname)%00%(upstream:track)%00%(upstream:remotename)%00%(upstream:remoteref) refs/heads/master refs/remotes/master [6ms]
2024-04-11 17:17:33.570 [info] > git status -z -uall [2ms]
2024-04-11 17:17:33.637 [info] > git merge-base refs/heads/master refs/remotes/origin/master [63ms]
2024-04-11 17:17:33.652 [info] > git config --get commit.template [16ms]
2024-04-11 17:17:33.653 [info] > git rev-list --count --left-right refs/heads/master...refs/remotes/origin/master [13ms]
2024-04-11 17:17:33.661 [info] > git diff --name-status -z --diff-filter=ADMR 1e047c95fe707952edc6fcb7d9e3b0bac62eae2b...refs/remotes/origin/master [4ms]
2024-04-11 17:17:33.662 [info] > git for-each-ref --format=%(refname)%00%(upstream:short)%00%(objectname)%00%(upstream:track)%00%(upstream:remotename)%00%(upstream:remoteref) refs/heads/master refs/remotes/master [2ms]
2024-04-11 17:17:33.667 [info] > git status -z -uall [2ms]
2024-04-11 17:17:34.162 [info] > git check-ignore -v -z --stdin [5ms]
2024-04-11 17:17:35.564 [info] > git show --textconv :src/main.rs [5ms]
2024-04-11 17:17:35.564 [info] > git ls-files --stage -- /home/vroomer/codecrafters-bittorrent-rust/src/main.rs [1ms]
2024-04-11 17:17:35.571 [info] > git cat-file -s 4fcd39c8053715195565de5ce38847cd49ca4aba [1ms]
2024-04-11 17:17:36.607 [info] > git config --get commit.template [3ms]
2024-04-11 17:17:36.607 [info] > git for-each-ref --format=%(refname)%00%(upstream:short)%00%(objectname)%00%(upstream:track)%00%(upstream:remotename)%00%(upstream:remoteref) refs/heads/master refs/remotes/master [1ms]
2024-04-11 17:17:36.611 [info] > git status -z -uall [1ms]
2024-04-11 17:17:46.501 [info] Log level: Info
2024-04-11 17:17:46.501 [info] Validating found git in: "git"
2024-04-11 17:17:46.501 [info] Using git "2.44.0" from "git"
2024-04-11 17:17:46.501 [info] > git rev-parse --show-toplevel [98ms]
2024-04-11 17:17:46.506 [info] > git rev-parse --git-dir --git-common-dir [1ms]
2024-04-11 17:17:46.514 [info] Open repository: /home/vroomer/codecrafters-redis-rust
2024-04-11 17:17:46.532 [info] > git rev-parse --show-toplevel [8ms]
2024-04-11 17:17:46.533 [info] > git config --get commit.template [11ms]
2024-04-11 17:17:46.574 [info] > git rev-parse --show-toplevel [9ms]
2024-04-11 17:17:46.585 [info] > git for-each-ref --format=%(refname)%00%(upstream:short)%00%(objectname)%00%(upstream:track)%00%(upstream:remotename)%00%(upstream:remoteref) refs/heads/master refs/remotes/master [15ms]
2024-04-11 17:17:46.587 [info] > git rev-parse --show-toplevel [2ms]
2024-04-11 17:17:46.592 [info] > git rev-parse --show-toplevel [1ms]
2024-04-11 17:17:46.603 [info] > git status -z -uall [5ms]
2024-04-11 17:17:46.630 [info] > git merge-base refs/heads/master refs/remotes/origin/master [17ms]
2024-04-11 17:17:46.641 [info] > git rev-list --count --left-right refs/heads/master...refs/remotes/origin/master [6ms]
2024-04-11 17:17:46.646 [info] > git config --get commit.template [16ms]
2024-04-11 17:17:46.650 [info] > git diff --name-status -z --diff-filter=ADMR 4b82c180bc49a991acd8e0e107b0549bf8a95ce0...refs/remotes/origin/master [5ms]
2024-04-11 17:17:46.655 [info] > git for-each-ref --format=%(refname)%00%(upstream:short)%00%(objectname)%00%(upstream:track)%00%(upstream:remotename)%00%(upstream:remoteref) refs/heads/master refs/remotes/master [1ms]
2024-04-11 17:17:46.663 [info] > git status -z -uall [1ms]
2024-04-11 17:17:46.905 [info] > git show --textconv :src/commands_handlers/get.rs [4ms]
2024-04-11 17:17:46.905 [info] > git ls-files --stage -- /home/vroomer/codecrafters-redis-rust/src/commands_handlers/get.rs [1ms]
2024-04-11 17:17:46.911 [info] > git cat-file -s 9c36ca2bb8e2583ddc02c830eab7cac8feab49f6 [2ms]
2024-04-11 17:17:47.153 [info] > git check-ignore -v -z --stdin [1ms]
2024-04-11 17:17:49.166 [info] > git config --get commit.template [4ms]
2024-04-11 17:17:49.167 [info] > git for-each-ref --format=%(refname)%00%(upstream:short)%00%(objectname)%00%(upstream:track)%00%(upstream:remotename)%00%(upstream:remoteref) refs/heads/master refs/remotes/master [1ms]
2024-04-11 17:17:49.172 [info] > git status -z -uall [2ms]
2024-04-11 17:17:52.337 [info] > git show --textconv :src/main.rs [4ms]
2024-04-11 17:17:52.338 [info] > git ls-files --stage -- /home/vroomer/codecrafters-redis-rust/src/main.rs [1ms]
2024-04-11 17:17:52.342 [info] > git cat-file -s 7835437f5c0621e7a7459185cba884c6205de267 [1ms]
2024-04-11 17:18:00.942 [info] > git config --get commit.template [17ms]
2024-04-11 17:18:00.946 [info] > git for-each-ref --format=%(refname)%00%(upstream:short)%00%(objectname)%00%(upstream:track)%00%(upstream:remotename)%00%(upstream:remoteref) refs/heads/master refs/remotes/master [5ms]
2024-04-11 17:18:00.968 [info] > git status -z -uall [7ms]
2024-04-11 17:18:03.356 [info] > git show --textconv :src/commands_handlers/get.rs [12ms]
2024-04-11 17:18:03.358 [info] > git ls-files --stage -- /home/vroomer/codecrafters-redis-rust/src/commands_handlers/get.rs [4ms]
2024-04-11 17:18:03.371 [info] > git cat-file -s 9c36ca2bb8e2583ddc02c830eab7cac8feab49f6 [4ms]
2024-04-11 17:18:32.410 [info] > git show --textconv :src/commands_handlers/set.rs [8ms]
2024-04-11 17:18:32.411 [info] > git ls-files --stage -- /home/vroomer/codecrafters-redis-rust/src/commands_handlers/set.rs [2ms]
2024-04-11 17:18:32.419 [info] > git cat-file -s f0e1b6b8a357f933bd9c1a6646ffa5ec3264acb1 [2ms]
2024-04-11 17:18:50.735 [info] > git config --get commit.template [4ms]
2024-04-11 17:18:50.735 [info] > git for-each-ref --format=%(refname)%00%(upstream:short)%00%(objectname)%00%(upstream:track)%00%(upstream:remotename)%00%(upstream:remoteref) refs/heads/master refs/remotes/master [1ms]
2024-04-11 17:18:50.741 [info] > git status -z -uall [2ms]
2024-04-11 17:19:15.752 [info] > git show --textconv :src/commands_handlers/echo.rs [7ms]
2024-04-11 17:19:15.753 [info] > git ls-files --stage -- /home/vroomer/codecrafters-redis-rust/src/commands_handlers/echo.rs [2ms]
2024-04-11 17:19:15.759 [info] > git cat-file -s f950599f5da7c7f64ec5d78f513412b76f07e8fe [2ms]
2024-04-11 17:19:18.656 [info] > git show --textconv :src/main.rs [6ms]
2024-04-11 17:19:18.657 [info] > git ls-files --stage -- /home/vroomer/codecrafters-redis-rust/src/main.rs [2ms]
2024-04-11 17:19:18.663 [info] > git cat-file -s 7835437f5c0621e7a7459185cba884c6205de267 [1ms]
2024-04-11 17:19:48.930 [info] > git show --textconv :src/main.rs [16ms]
2024-04-11 17:19:48.932 [info] > git ls-files --stage -- /home/vroomer/codecrafters-redis-rust/src/main.rs [4ms]
2024-04-11 17:19:48.950 [info] > git cat-file -s 7835437f5c0621e7a7459185cba884c6205de267 [5ms]
2024-04-11 17:20:52.086 [info] > git show --textconv :src/main.rs [14ms]
2024-04-11 17:20:52.089 [info] > git ls-files --stage -- /home/vroomer/codecrafters-redis-rust/src/main.rs [4ms]
2024-04-11 17:20:52.102 [info] > git cat-file -s 7835437f5c0621e7a7459185cba884c6205de267 [4ms]
2024-04-11 17:21:07.291 [info] > git show --textconv :src/command/command.rs [4ms]
2024-04-11 17:21:07.292 [info] > git ls-files --stage -- /home/vroomer/codecrafters-redis-rust/src/command/command.rs [1ms]
2024-04-11 17:21:07.296 [info] > git cat-file -s 4a04cd38ad095a84d689e3d8b2a0d85f719aff4f [1ms]
2024-04-11 17:21:17.935 [info] > git show --textconv :src/main.rs [5ms]
2024-04-11 17:21:17.935 [info] > git ls-files --stage -- /home/vroomer/codecrafters-redis-rust/src/main.rs [1ms]
2024-04-11 17:21:17.939 [info] > git cat-file -s 7835437f5c0621e7a7459185cba884c6205de267 [1ms]
2024-04-11 17:21:25.890 [info] > git show --textconv :src/command/command.rs [16ms]
2024-04-11 17:21:25.894 [info] > git ls-files --stage -- /home/vroomer/codecrafters-redis-rust/src/command/command.rs [5ms]
2024-04-11 17:21:25.910 [info] > git cat-file -s 4a04cd38ad095a84d689e3d8b2a0d85f719aff4f [3ms]
2024-04-11 17:21:33.459 [info] > git show --textconv :src/command/command.rs [9ms]
2024-04-11 17:21:33.461 [info] > git ls-files --stage -- /home/vroomer/codecrafters-redis-rust/src/command/command.rs [2ms]
2024-04-11 17:21:33.470 [info] > git cat-file -s 4a04cd38ad095a84d689e3d8b2a0d85f719aff4f [3ms]
2024-04-11 17:21:57.953 [info] > git show --textconv :src/commands_handlers/set.rs [6ms]
2024-04-11 17:21:57.954 [info] > git ls-files --stage -- /home/vroomer/codecrafters-redis-rust/src/commands_handlers/set.rs [1ms]
2024-04-11 17:21:57.960 [info] > git cat-file -s f0e1b6b8a357f933bd9c1a6646ffa5ec3264acb1 [1ms]
2024-04-11 17:22:24.489 [info] > git show --textconv :src/command/command.rs [4ms]
2024-04-11 17:22:24.489 [info] > git ls-files --stage -- /home/vroomer/codecrafters-redis-rust/src/command/command.rs [1ms]
2024-04-11 17:22:24.495 [info] > git cat-file -s 4a04cd38ad095a84d689e3d8b2a0d85f719aff4f [2ms]
2024-04-11 17:22:28.875 [info] > git show --textconv :src/main.rs [5ms]
2024-04-11 17:22:28.875 [info] > git ls-files --stage -- /home/vroomer/codecrafters-redis-rust/src/main.rs [1ms]
2024-04-11 17:22:28.880 [info] > git cat-file -s 7835437f5c0621e7a7459185cba884c6205de267 [1ms]
2024-04-11 17:22:32.357 [info] > git show --textconv :src/command/command.rs [4ms]
2024-04-11 17:22:32.358 [info] > git ls-files --stage -- /home/vroomer/codecrafters-redis-rust/src/command/command.rs [1ms]
2024-04-11 17:22:32.362 [info] > git cat-file -s 4a04cd38ad095a84d689e3d8b2a0d85f719aff4f [1ms]
2024-04-11 17:22:40.250 [info] > git config --get commit.template [4ms]
2024-04-11 17:22:40.251 [info] > git for-each-ref --format=%(refname)%00%(upstream:short)%00%(objectname)%00%(upstream:track)%00%(upstream:remotename)%00%(upstream:remoteref) refs/heads/master refs/remotes/master [1ms]
2024-04-11 17:22:40.256 [info] > git status -z -uall [2ms]
2024-04-11 17:23:00.835 [info] > git show --textconv :src/commands_handlers/set.rs [4ms]
2024-04-11 17:23:00.836 [info] > git ls-files --stage -- /home/vroomer/codecrafters-redis-rust/src/commands_handlers/set.rs [1ms]
2024-04-11 17:23:00.840 [info] > git cat-file -s f0e1b6b8a357f933bd9c1a6646ffa5ec3264acb1 [1ms]
2024-04-11 17:23:26.247 [info] > git show --textconv :src/command/command.rs [16ms]
2024-04-11 17:23:26.250 [info] > git ls-files --stage -- /home/vroomer/codecrafters-redis-rust/src/command/command.rs [3ms]
2024-04-11 17:23:26.259 [info] > git cat-file -s 4a04cd38ad095a84d689e3d8b2a0d85f719aff4f [2ms]
2024-04-11 17:23:30.397 [info] > git show --textconv :src/main.rs [16ms]
2024-04-11 17:23:30.400 [info] > git ls-files --stage -- /home/vroomer/codecrafters-redis-rust/src/main.rs [4ms]
2024-04-11 17:23:30.419 [info] > git cat-file -s 7835437f5c0621e7a7459185cba884c6205de267 [4ms]
2024-04-11 17:23:42.760 [info] > git show --textconv :src/commands_handlers/set.rs [6ms]
2024-04-11 17:23:42.761 [info] > git ls-files --stage -- /home/vroomer/codecrafters-redis-rust/src/commands_handlers/set.rs [1ms]
2024-04-11 17:23:42.767 [info] > git cat-file -s f0e1b6b8a357f933bd9c1a6646ffa5ec3264acb1 [2ms]
2024-04-11 17:23:43.537 [info] > git show --textconv :src/main.rs [6ms]
2024-04-11 17:23:43.539 [info] > git ls-files --stage -- /home/vroomer/codecrafters-redis-rust/src/main.rs [2ms]
2024-04-11 17:23:43.547 [info] > git cat-file -s 7835437f5c0621e7a7459185cba884c6205de267 [2ms]
2024-04-11 17:24:13.834 [info] > git show --textconv :src/command/command.rs [5ms]
2024-04-11 17:24:13.834 [info] > git ls-files --stage -- /home/vroomer/codecrafters-redis-rust/src/command/command.rs [1ms]
2024-04-11 17:24:13.838 [info] > git cat-file -s 4a04cd38ad095a84d689e3d8b2a0d85f719aff4f [1ms]
2024-04-11 17:24:21.250 [info] > git config --get commit.template [3ms]
2024-04-11 17:24:21.251 [info] > git for-each-ref --format=%(refname)%00%(upstream:short)%00%(objectname)%00%(upstream:track)%00%(upstream:remotename)%00%(upstream:remoteref) refs/heads/master refs/remotes/master [1ms]
2024-04-11 17:24:21.256 [info] > git status -z -uall [2ms]
2024-04-11 17:24:28.871 [info] > git config --get commit.template [4ms]
2024-04-11 17:24:28.871 [info] > git for-each-ref --format=%(refname)%00%(upstream:short)%00%(objectname)%00%(upstream:track)%00%(upstream:remotename)%00%(upstream:remoteref) refs/heads/master refs/remotes/master [1ms]
2024-04-11 17:24:28.877 [info] > git status -z -uall [1ms]
2024-04-11 17:24:34.463 [info] > git show --textconv :src/main.rs [14ms]
2024-04-11 17:24:34.465 [info] > git ls-files --stage -- /home/vroomer/codecrafters-redis-rust/src/main.rs [3ms]
2024-04-11 17:24:34.478 [info] > git cat-file -s 7835437f5c0621e7a7459185cba884c6205de267 [3ms]
2024-04-11 17:24:44.447 [info] > git show --textconv :src/command/command.rs [4ms]
2024-04-11 17:24:44.447 [info] > git ls-files --stage -- /home/vroomer/codecrafters-redis-rust/src/command/command.rs [0ms]
2024-04-11 17:24:44.452 [info] > git cat-file -s 4a04cd38ad095a84d689e3d8b2a0d85f719aff4f [1ms]
2024-04-11 17:25:05.333 [info] > git show --textconv :src/main.rs [12ms]
2024-04-11 17:25:05.335 [info] > git ls-files --stage -- /home/vroomer/codecrafters-redis-rust/src/main.rs [3ms]
2024-04-11 17:25:05.348 [info] > git cat-file -s 7835437f5c0621e7a7459185cba884c6205de267 [3ms]
2024-04-11 17:25:09.404 [info] > git show --textconv :src/command/command.rs [4ms]
2024-04-11 17:25:09.405 [info] > git ls-files --stage -- /home/vroomer/codecrafters-redis-rust/src/command/command.rs [2ms]
2024-04-11 17:25:09.409 [info] > git cat-file -s 4a04cd38ad095a84d689e3d8b2a0d85f719aff4f [1ms]
2024-04-11 17:25:42.085 [info] > git show --textconv :src/main.rs [5ms]
2024-04-11 17:25:42.085 [info] > git ls-files --stage -- /home/vroomer/codecrafters-redis-rust/src/main.rs [1ms]
2024-04-11 17:25:42.089 [info] > git cat-file -s 7835437f5c0621e7a7459185cba884c6205de267 [1ms]
2024-04-11 17:26:12.451 [info] > git show --textconv :src/command/command.rs [8ms]
2024-04-11 17:26:12.453 [info] > git ls-files --stage -- /home/vroomer/codecrafters-redis-rust/src/command/command.rs [2ms]
2024-04-11 17:26:12.460 [info] > git cat-file -s 4a04cd38ad095a84d689e3d8b2a0d85f719aff4f [2ms]
2024-04-11 17:26:53.243 [info] > git show --textconv :src/main.rs [12ms]
2024-04-11 17:26:53.245 [info] > git ls-files --stage -- /home/vroomer/codecrafters-redis-rust/src/main.rs [3ms]
2024-04-11 17:26:53.259 [info] > git cat-file -s 7835437f5c0621e7a7459185cba884c6205de267 [4ms]
2024-04-11 17:27:45.102 [info] > git show --textconv :src/command/command.rs [17ms]
2024-04-11 17:27:45.105 [info] > git ls-files --stage -- /home/vroomer/codecrafters-redis-rust/src/command/command.rs [4ms]
2024-04-11 17:27:45.124 [info] > git cat-file -s 4a04cd38ad095a84d689e3d8b2a0d85f719aff4f [5ms]
2024-04-11 17:28:16.186 [info] > git show --textconv :src/commands_handlers/set.rs [17ms]
2024-04-11 17:28:16.189 [info] > git ls-files --stage -- /home/vroomer/codecrafters-redis-rust/src/commands_handlers/set.rs [4ms]
2024-04-11 17:28:16.207 [info] > git cat-file -s f0e1b6b8a357f933bd9c1a6646ffa5ec3264acb1 [5ms]
2024-04-11 17:28:23.416 [info] > git show --textconv :src/command/values.rs [7ms]
2024-04-11 17:28:23.417 [info] > git ls-files --stage -- /home/vroomer/codecrafters-redis-rust/src/command/values.rs [1ms]
2024-04-11 17:28:23.423 [info] > git cat-file -s e125762ce9df5d03c42cb43478dcaabc3ada1029 [2ms]
2024-04-11 17:28:23.854 [info] > git config --get commit.template [18ms]
2024-04-11 17:28:23.857 [info] > git for-each-ref --format=%(refname)%00%(upstream:short)%00%(objectname)%00%(upstream:track)%00%(upstream:remotename)%00%(upstream:remoteref) refs/heads/master refs/remotes/master [5ms]
2024-04-11 17:28:23.888 [info] > git status -z -uall [16ms]
2024-04-11 17:28:24.224 [info] > git show --textconv :src/commands_handlers/set.rs [7ms]
2024-04-11 17:28:24.225 [info] > git ls-files --stage -- /home/vroomer/codecrafters-redis-rust/src/commands_handlers/set.rs [2ms]
2024-04-11 17:28:24.231 [info] > git cat-file -s f0e1b6b8a357f933bd9c1a6646ffa5ec3264acb1 [1ms]
2024-04-11 17:28:28.921 [info] > git config --get commit.template [11ms]
2024-04-11 17:28:28.923 [info] > git for-each-ref --format=%(refname)%00%(upstream:short)%00%(objectname)%00%(upstream:track)%00%(upstream:remotename)%00%(upstream:remoteref) refs/heads/master refs/remotes/master [4ms]
2024-04-11 17:28:28.938 [info] > git status -z -uall [5ms]
2024-04-11 17:28:31.016 [info] > git show --textconv :src/command/command.rs [17ms]
2024-04-11 17:28:31.020 [info] > git ls-files --stage -- /home/vroomer/codecrafters-redis-rust/src/command/command.rs [6ms]
2024-04-11 17:28:31.035 [info] > git cat-file -s 4a04cd38ad095a84d689e3d8b2a0d85f719aff4f [3ms]
2024-04-11 17:28:34.166 [info] > git show --textconv :src/main.rs [17ms]
2024-04-11 17:28:34.168 [info] > git ls-files --stage -- /home/vroomer/codecrafters-redis-rust/src/main.rs [4ms]
2024-04-11 17:28:34.184 [info] > git cat-file -s 7835437f5c0621e7a7459185cba884c6205de267 [3ms]
2024-04-11 17:28:54.280 [info] > git config --get commit.template [11ms]
2024-04-11 17:28:54.282 [info] > git for-each-ref --format=%(refname)%00%(upstream:short)%00%(objectname)%00%(upstream:track)%00%(upstream:remotename)%00%(upstream:remoteref) refs/heads/master refs/remotes/master [3ms]
2024-04-11 17:28:54.296 [info] > git status -z -uall [4ms]
2024-04-11 17:28:59.599 [info] > git show --textconv :src/command/command.rs [17ms]
2024-04-11 17:28:59.601 [info] > git ls-files --stage -- /home/vroomer/codecrafters-redis-rust/src/command/command.rs [4ms]
2024-04-11 17:28:59.621 [info] > git cat-file -s 4a04cd38ad095a84d689e3d8b2a0d85f719aff4f [6ms]
2024-04-11 17:29:04.095 [info] > git show --textconv :src/main.rs [16ms]
2024-04-11 17:29:04.097 [info] > git ls-files --stage -- /home/vroomer/codecrafters-redis-rust/src/main.rs [4ms]
2024-04-11 17:29:04.116 [info] > git cat-file -s 7835437f5c0621e7a7459185cba884c6205de267 [5ms]
2024-04-11 17:29:23.854 [info] > git show --textconv :src/command/command.rs [19ms]
2024-04-11 17:29:23.858 [info] > git ls-files --stage -- /home/vroomer/codecrafters-redis-rust/src/command/command.rs [4ms]
2024-04-11 17:29:23.877 [info] > git cat-file -s 4a04cd38ad095a84d689e3d8b2a0d85f719aff4f [6ms]
2024-04-11 17:29:24.865 [info] > git show --textconv :src/main.rs [10ms]
2024-04-11 17:29:24.866 [info] > git ls-files --stage -- /home/vroomer/codecrafters-redis-rust/src/main.rs [1ms]
2024-04-11 17:29:24.874 [info] > git cat-file -s 7835437f5c0621e7a7459185cba884c6205de267 [2ms]
2024-04-11 17:30:15.332 [info] > git show --textconv :src/commands_handlers/set.rs [17ms]
2024-04-11 17:30:15.335 [info] > git ls-files --stage -- /home/vroomer/codecrafters-redis-rust/src/commands_handlers/set.rs [4ms]
2024-04-11 17:30:15.354 [info] > git cat-file -s f0e1b6b8a357f933bd9c1a6646ffa5ec3264acb1 [4ms]
2024-04-11 17:30:20.652 [info] > git config --get commit.template [4ms]
2024-04-11 17:30:20.652 [info] > git for-each-ref --format=%(refname)%00%(upstream:short)%00%(objectname)%00%(upstream:track)%00%(upstream:remotename)%00%(upstream:remoteref) refs/heads/master refs/remotes/master [1ms]
2024-04-11 17:30:20.658 [info] > git status -z -uall [2ms]
2024-04-11 17:30:25.679 [info] > git config --get commit.template [3ms]
2024-04-11 17:30:25.679 [info] > git for-each-ref --format=%(refname)%00%(upstream:short)%00%(objectname)%00%(upstream:track)%00%(upstream:remotename)%00%(upstream:remoteref) refs/heads/master refs/remotes/master [1ms]
2024-04-11 17:30:25.684 [info] > git status -z -uall [2ms]
2024-04-11 17:30:30.722 [info] > git config --get commit.template [6ms]
2024-04-11 17:30:30.723 [info] > git for-each-ref --format=%(refname)%00%(upstream:short)%00%(objectname)%00%(upstream:track)%00%(upstream:remotename)%00%(upstream:remoteref) refs/heads/master refs/remotes/master [1ms]
2024-04-11 17:30:30.730 [info] > git status -z -uall [2ms]
2024-04-11 17:30:41.883 [info] > git config --get commit.template [4ms]
2024-04-11 17:30:41.886 [info] > git for-each-ref --format=%(refname)%00%(upstream:short)%00%(objectname)%00%(upstream:track)%00%(upstream:remotename)%00%(upstream:remoteref) refs/heads/master refs/remotes/master [2ms]
2024-04-11 17:30:41.892 [info] > git status -z -uall [1ms]
2024-04-11 17:37:57.943 [info] > git show --textconv :src/command/command.rs [16ms]
2024-04-11 17:37:57.946 [info] > git ls-files --stage -- /home/vroomer/codecrafters-redis-rust/src/command/command.rs [4ms]
2024-04-11 17:37:57.965 [info] > git cat-file -s 4a04cd38ad095a84d689e3d8b2a0d85f719aff4f [5ms]
2024-04-11 17:38:00.206 [info] > git show --textconv :src/main.rs [16ms]
2024-04-11 17:38:00.208 [info] > git ls-files --stage -- /home/vroomer/codecrafters-redis-rust/src/main.rs [4ms]
2024-04-11 17:38:00.227 [info] > git cat-file -s 7835437f5c0621e7a7459185cba884c6205de267 [4ms]
2024-04-11 17:38:00.701 [info] > git show --textconv :src/command/command.rs [6ms]
2024-04-11 17:38:00.702 [info] > git ls-files --stage -- /home/vroomer/codecrafters-redis-rust/src/command/command.rs [2ms]
2024-04-11 17:38:00.709 [info] > git cat-file -s 4a04cd38ad095a84d689e3d8b2a0d85f719aff4f [2ms]
2024-04-11 17:38:07.382 [info] > git show --textconv :src/main.rs [13ms]
2024-04-11 17:38:07.384 [info] > git ls-files --stage -- /home/vroomer/codecrafters-redis-rust/src/main.rs [4ms]
2024-04-11 17:38:07.397 [info] > git cat-file -s 7835437f5c0621e7a7459185cba884c6205de267 [3ms]
2024-04-11 17:38:07.674 [info] > git show --textconv :src/command/command.rs [21ms]
2024-04-11 17:38:07.676 [info] > git ls-files --stage -- /home/vroomer/codecrafters-redis-rust/src/command/command.rs [4ms]
2024-04-11 17:38:07.695 [info] > git cat-file -s 4a04cd38ad095a84d689e3d8b2a0d85f719aff4f [5ms]
2024-04-11 17:38:08.157 [info] > git show --textconv :src/main.rs [17ms]
2024-04-11 17:38:08.160 [info] > git ls-files --stage -- /home/vroomer/codecrafters-redis-rust/src/main.rs [4ms]
2024-04-11 17:38:08.178 [info] > git cat-file -s 7835437f5c0621e7a7459185cba884c6205de267 [5ms]
2024-04-11 17:38:08.676 [info] > git show --textconv :src/command/command.rs [17ms]
2024-04-11 17:38:08.679 [info] > git ls-files --stage -- /home/vroomer/codecrafters-redis-rust/src/command/command.rs [5ms]
2024-04-11 17:38:08.692 [info] > git cat-file -s 4a04cd38ad095a84d689e3d8b2a0d85f719aff4f [3ms]
2024-04-11 17:38:09.105 [info] > git show --textconv :src/main.rs [16ms]
2024-04-11 17:38:09.108 [info] > git ls-files --stage -- /home/vroomer/codecrafters-redis-rust/src/main.rs [4ms]
2024-04-11 17:38:09.127 [info] > git cat-file -s 7835437f5c0621e7a7459185cba884c6205de267 [5ms]
2024-04-11 17:38:09.459 [info] > git show --textconv :src/command/command.rs [17ms]
2024-04-11 17:38:09.461 [info] > git ls-files --stage -- /home/vroomer/codecrafters-redis-rust/src/command/command.rs [5ms]
2024-04-11 17:38:09.475 [info] > git cat-file -s 4a04cd38ad095a84d689e3d8b2a0d85f719aff4f [3ms]
2024-04-11 17:38:12.476 [info] > git show --textconv :src/main.rs [17ms]
2024-04-11 17:38:12.479 [info] > git ls-files --stage -- /home/vroomer/codecrafters-redis-rust/src/main.rs [5ms]
2024-04-11 17:38:12.492 [info] > git cat-file -s 7835437f5c0621e7a7459185cba884c6205de267 [3ms]
2024-04-11 17:38:13.035 [info] > git show --textconv :src/command/command.rs [10ms]
2024-04-11 17:38:13.036 [info] > git ls-files --stage -- /home/vroomer/codecrafters-redis-rust/src/command/command.rs [2ms]
2024-04-11 17:38:13.043 [info] > git cat-file -s 4a04cd38ad095a84d689e3d8b2a0d85f719aff4f [2ms]
2024-04-11 17:38:13.324 [info] > git show --textconv :src/main.rs [15ms]
2024-04-11 17:38:13.327 [info] > git ls-files --stage -- /home/vroomer/codecrafters-redis-rust/src/main.rs [4ms]
2024-04-11 17:38:13.343 [info] > git cat-file -s 7835437f5c0621e7a7459185cba884c6205de267 [4ms]
2024-04-11 17:38:13.860 [info] > git show --textconv :src/main.rs [20ms]
2024-04-11 17:38:13.863 [info] > git ls-files --stage -- /home/vroomer/codecrafters-redis-rust/src/main.rs [7ms]
2024-04-11 17:38:13.876 [info] > git cat-file -s 7835437f5c0621e7a7459185cba884c6205de267 [3ms]
2024-04-11 17:42:45.955 [info] > git show --textconv :src/commands_handlers/get.rs [18ms]
2024-04-11 17:42:45.958 [info] > git ls-files --stage -- /home/vroomer/codecrafters-redis-rust/src/commands_handlers/get.rs [4ms]
2024-04-11 17:42:45.976 [info] > git cat-file -s 9c36ca2bb8e2583ddc02c830eab7cac8feab49f6 [5ms]
2024-04-11 17:43:02.836 [info] > git config --get commit.template [4ms]
2024-04-11 17:43:02.837 [info] > git for-each-ref --format=%(refname)%00%(upstream:short)%00%(objectname)%00%(upstream:track)%00%(upstream:remotename)%00%(upstream:remoteref) refs/heads/master refs/remotes/master [1ms]
2024-04-11 17:43:02.842 [info] > git status -z -uall [2ms]
2024-04-11 17:44:18.762 [info] > git show --textconv :src/main.rs [4ms]
2024-04-11 17:44:18.762 [info] > git ls-files --stage -- /home/vroomer/codecrafters-redis-rust/src/main.rs [1ms]
2024-04-11 17:44:18.766 [info] > git cat-file -s 7835437f5c0621e7a7459185cba884c6205de267 [1ms]
2024-04-11 17:44:31.675 [info] > git show --textconv :src/command/command.rs [16ms]
2024-04-11 17:44:31.677 [info] > git ls-files --stage -- /home/vroomer/codecrafters-redis-rust/src/command/command.rs [3ms]
2024-04-11 17:44:31.687 [info] > git cat-file -s 4a04cd38ad095a84d689e3d8b2a0d85f719aff4f [2ms]
2024-04-11 17:44:42.393 [info] > git config --get commit.template [3ms]
2024-04-11 17:44:42.393 [info] > git for-each-ref --format=%(refname)%00%(upstream:short)%00%(objectname)%00%(upstream:track)%00%(upstream:remotename)%00%(upstream:remoteref) refs/heads/master refs/remotes/master [1ms]
2024-04-11 17:44:42.398 [info] > git status -z -uall [1ms]
2024-04-11 17:44:49.524 [info] > git config --get commit.template [16ms]
2024-04-11 17:44:49.527 [info] > git for-each-ref --format=%(refname)%00%(upstream:short)%00%(objectname)%00%(upstream:track)%00%(upstream:remotename)%00%(upstream:remoteref) refs/heads/master refs/remotes/master [5ms]
2024-04-11 17:44:49.549 [info] > git status -z -uall [7ms]
2024-04-11 17:44:54.572 [info] > git config --get commit.template [4ms]
2024-04-11 17:44:54.572 [info] > git for-each-ref --format=%(refname)%00%(upstream:short)%00%(objectname)%00%(upstream:track)%00%(upstream:remotename)%00%(upstream:remoteref) refs/heads/master refs/remotes/master [1ms]
2024-04-11 17:44:54.579 [info] > git status -z -uall [4ms]
2024-04-11 17:44:54.607 [info] > git ls-files --stage -- /home/vroomer/codecrafters-redis-rust/src/command/command.rs [1ms]
2024-04-11 17:44:54.615 [info] > git cat-file -s 6d2266ac6065578ce17ebae995d21f898ddb66b4 [2ms]
2024-04-11 17:44:54.624 [info] > git show --textconv :src/command/command.rs [2ms]
2024-04-11 17:44:59.983 [info] > git config --get commit.template [15ms]
2024-04-11 17:44:59.986 [info] > git for-each-ref --format=%(refname)%00%(upstream:short)%00%(objectname)%00%(upstream:track)%00%(upstream:remotename)%00%(upstream:remoteref) refs/heads/master refs/remotes/master [4ms]
2024-04-11 17:44:59.996 [info] > git status -z -uall [2ms]
2024-04-11 17:45:00.006 [info] > git merge-base refs/heads/master refs/remotes/origin/master [2ms]
2024-04-11 17:45:00.016 [info] > git rev-list --count --left-right refs/heads/master...refs/remotes/origin/master [3ms]
2024-04-11 17:45:00.025 [info] > git diff --name-status -z --diff-filter=ADMR 4b82c180bc49a991acd8e0e107b0549bf8a95ce0...refs/remotes/origin/master [2ms]
2024-04-11 17:45:00.062 [info] > git ls-files --stage -- /home/vroomer/codecrafters-redis-rust/src/command/command.rs [1ms]
2024-04-11 17:45:00.070 [info] > git cat-file -s 6d2266ac6065578ce17ebae995d21f898ddb66b4 [3ms]
2024-04-11 17:45:00.080 [info] > git show --textconv :src/command/command.rs [2ms]
2024-04-11 17:46:10.685 [info] > git config --get commit.template [6ms]
2024-04-11 17:46:10.689 [info] > git for-each-ref --format=%(refname)%00%(upstream:short)%00%(objectname)%00%(upstream:track)%00%(upstream:remotename)%00%(upstream:remoteref) refs/heads/master refs/remotes/master [5ms]
2024-04-11 17:46:10.694 [info] > git ls-files --stage -- /home/vroomer/codecrafters-redis-rust/src/command/command.rs [5ms]
2024-04-11 17:46:10.700 [info] > git status -z -uall [5ms]
2024-04-11 17:46:10.709 [info] > git merge-base refs/heads/master refs/remotes/origin/master [2ms]
2024-04-11 17:46:10.714 [info] > git cat-file -s 6d2266ac6065578ce17ebae995d21f898ddb66b4 [15ms]
2024-04-11 17:46:10.715 [info] > git rev-list --count --left-right refs/heads/master...refs/remotes/origin/master [1ms]
2024-04-11 17:46:10.721 [info] > git diff --name-status -z --diff-filter=ADMR 657509dc8817d766ba85a1fc75bf875358336f2e...refs/remotes/origin/master [1ms]
2024-04-11 17:46:10.741 [info] > git show --textconv :src/command/command.rs [1ms]
