2024-04-13 18:21:51.883 [info] Log level: Info
2024-04-13 18:21:51.883 [info] Validating found git in: "git"
2024-04-13 18:21:51.883 [info] Using git "2.44.0" from "git"
2024-04-13 18:21:51.883 [info] > git rev-parse --show-toplevel [3ms]
2024-04-13 18:21:51.883 [info] > git rev-parse --git-dir --git-common-dir [3ms]
2024-04-13 18:21:51.883 [info] Open repository: /home/vroomer/codecrafters-redis-rust
2024-04-13 18:21:51.891 [info] > git rev-parse --show-toplevel [1ms]
2024-04-13 18:21:51.891 [info] > git config --get commit.template [5ms]
2024-04-13 18:21:51.900 [info] > git rev-parse --show-toplevel [5ms]
2024-04-13 18:21:51.904 [info] > git for-each-ref --format=%(refname)%00%(upstream:short)%00%(objectname)%00%(upstream:track)%00%(upstream:remotename)%00%(upstream:remoteref) refs/heads/master refs/remotes/master [5ms]
2024-04-13 18:21:51.905 [info] > git rev-parse --show-toplevel [2ms]
2024-04-13 18:21:51.914 [info] > git rev-parse --show-toplevel [5ms]
2024-04-13 18:21:51.915 [info] > git status -z -uall [3ms]
2024-04-13 18:21:51.928 [info] > git merge-base refs/heads/master refs/remotes/origin/master [8ms]
2024-04-13 18:21:51.963 [info] > git rev-list --count --left-right refs/heads/master...refs/remotes/origin/master [30ms]
2024-04-13 18:21:51.967 [info] > git config --get commit.template [40ms]
2024-04-13 18:21:51.969 [info] > git diff --name-status -z --diff-filter=ADMR 657509dc8817d766ba85a1fc75bf875358336f2e...refs/remotes/origin/master [2ms]
2024-04-13 18:21:51.975 [info] > git for-each-ref --format=%(refname)%00%(upstream:short)%00%(objectname)%00%(upstream:track)%00%(upstream:remotename)%00%(upstream:remoteref) refs/heads/master refs/remotes/master [2ms]
2024-04-13 18:21:51.981 [info] > git status -z -uall [2ms]
2024-04-13 18:21:52.393 [info] > git show --textconv :src/command/Untitled-1.py [8ms]
2024-04-13 18:21:52.395 [info] > git ls-files --stage -- /home/vroomer/codecrafters-redis-rust/src/command/Untitled-1.py [2ms]
2024-04-13 18:21:52.419 [info] > git check-ignore -v -z --stdin [1ms]
2024-04-13 18:21:53.900 [info] > git config --get commit.template [4ms]
2024-04-13 18:21:53.901 [info] > git for-each-ref --format=%(refname)%00%(upstream:short)%00%(objectname)%00%(upstream:track)%00%(upstream:remotename)%00%(upstream:remoteref) refs/heads/master refs/remotes/master [1ms]
2024-04-13 18:21:53.907 [info] > git status -z -uall [2ms]
2024-04-13 18:22:25.240 [info] > git config --get commit.template [4ms]
2024-04-13 18:22:25.241 [info] > git for-each-ref --format=%(refname)%00%(upstream:short)%00%(objectname)%00%(upstream:track)%00%(upstream:remotename)%00%(upstream:remoteref) refs/heads/master refs/remotes/master [1ms]
2024-04-13 18:22:25.246 [info] > git status -z -uall [1ms]
2024-04-13 18:22:54.699 [info] > git config --get commit.template [18ms]
2024-04-13 18:22:54.701 [info] > git for-each-ref --format=%(refname)%00%(upstream:short)%00%(objectname)%00%(upstream:track)%00%(upstream:remotename)%00%(upstream:remoteref) refs/heads/master refs/remotes/master [5ms]
2024-04-13 18:22:54.717 [info] > git status -z -uall [4ms]
2024-04-13 18:23:02.598 [info] > git config --get commit.template [8ms]
2024-04-13 18:23:02.599 [info] > git for-each-ref --format=%(refname)%00%(upstream:short)%00%(objectname)%00%(upstream:track)%00%(upstream:remotename)%00%(upstream:remoteref) refs/heads/master refs/remotes/master [3ms]
2024-04-13 18:23:02.611 [info] > git status -z -uall [3ms]
2024-04-13 18:23:10.957 [info] > git config --get commit.template [10ms]
2024-04-13 18:23:10.958 [info] > git for-each-ref --format=%(refname)%00%(upstream:short)%00%(objectname)%00%(upstream:track)%00%(upstream:remotename)%00%(upstream:remoteref) refs/heads/master refs/remotes/master [2ms]
2024-04-13 18:23:10.967 [info] > git status -z -uall [3ms]
2024-04-13 18:23:17.673 [info] > git config --get commit.template [9ms]
2024-04-13 18:23:17.673 [info] > git for-each-ref --format=%(refname)%00%(upstream:short)%00%(objectname)%00%(upstream:track)%00%(upstream:remotename)%00%(upstream:remoteref) refs/heads/master refs/remotes/master [3ms]
2024-04-13 18:23:17.685 [info] > git status -z -uall [3ms]
2024-04-13 18:23:27.632 [info] > git config --get commit.template [12ms]
2024-04-13 18:23:27.633 [info] > git for-each-ref --format=%(refname)%00%(upstream:short)%00%(objectname)%00%(upstream:track)%00%(upstream:remotename)%00%(upstream:remoteref) refs/heads/master refs/remotes/master [5ms]
2024-04-13 18:23:27.648 [info] > git status -z -uall [4ms]
2024-04-13 18:23:32.667 [info] > git config --get commit.template [3ms]
2024-04-13 18:23:32.676 [info] > git for-each-ref --format=%(refname)%00%(upstream:short)%00%(objectname)%00%(upstream:track)%00%(upstream:remotename)%00%(upstream:remoteref) refs/heads/master refs/remotes/master [3ms]
2024-04-13 18:23:32.682 [info] > git status -z -uall [1ms]
2024-04-13 18:23:41.150 [info] > git config --get commit.template [9ms]
2024-04-13 18:23:41.151 [info] > git for-each-ref --format=%(refname)%00%(upstream:short)%00%(objectname)%00%(upstream:track)%00%(upstream:remotename)%00%(upstream:remoteref) refs/heads/master refs/remotes/master [3ms]
2024-04-13 18:23:41.163 [info] > git status -z -uall [3ms]
2024-04-13 18:23:53.652 [info] > git config --get commit.template [2ms]
2024-04-13 18:23:53.658 [info] > git for-each-ref --format=%(refname)%00%(upstream:short)%00%(objectname)%00%(upstream:track)%00%(upstream:remotename)%00%(upstream:remoteref) refs/heads/master refs/remotes/master [2ms]
2024-04-13 18:23:53.665 [info] > git status -z -uall [2ms]
2024-04-13 18:23:58.683 [info] > git config --get commit.template [6ms]
2024-04-13 18:23:58.684 [info] > git for-each-ref --format=%(refname)%00%(upstream:short)%00%(objectname)%00%(upstream:track)%00%(upstream:remotename)%00%(upstream:remoteref) refs/heads/master refs/remotes/master [1ms]
2024-04-13 18:23:58.691 [info] > git status -z -uall [2ms]
2024-04-13 18:24:16.797 [info] > git config --get commit.template [12ms]
2024-04-13 18:24:16.799 [info] > git for-each-ref --format=%(refname)%00%(upstream:short)%00%(objectname)%00%(upstream:track)%00%(upstream:remotename)%00%(upstream:remoteref) refs/heads/master refs/remotes/master [4ms]
2024-04-13 18:24:16.814 [info] > git status -z -uall [5ms]
2024-04-13 18:24:24.164 [info] > git config --get commit.template [8ms]
2024-04-13 18:24:24.165 [info] > git for-each-ref --format=%(refname)%00%(upstream:short)%00%(objectname)%00%(upstream:track)%00%(upstream:remotename)%00%(upstream:remoteref) refs/heads/master refs/remotes/master [2ms]
2024-04-13 18:24:24.175 [info] > git status -z -uall [3ms]
2024-04-13 18:24:29.204 [info] > git config --get commit.template [11ms]
2024-04-13 18:24:29.206 [info] > git for-each-ref --format=%(refname)%00%(upstream:short)%00%(objectname)%00%(upstream:track)%00%(upstream:remotename)%00%(upstream:remoteref) refs/heads/master refs/remotes/master [3ms]
2024-04-13 18:24:29.215 [info] > git status -z -uall [2ms]
2024-04-13 18:24:45.460 [info] > git config --get commit.template [0ms]
2024-04-13 18:24:45.470 [info] > git for-each-ref --format=%(refname)%00%(upstream:short)%00%(objectname)%00%(upstream:track)%00%(upstream:remotename)%00%(upstream:remoteref) refs/heads/master refs/remotes/master [3ms]
2024-04-13 18:24:45.478 [info] > git status -z -uall [2ms]
2024-04-13 18:24:50.503 [info] > git config --get commit.template [11ms]
2024-04-13 18:24:50.505 [info] > git for-each-ref --format=%(refname)%00%(upstream:short)%00%(objectname)%00%(upstream:track)%00%(upstream:remotename)%00%(upstream:remoteref) refs/heads/master refs/remotes/master [3ms]
2024-04-13 18:24:50.520 [info] > git status -z -uall [4ms]
2024-04-13 18:25:01.236 [info] > git config --get commit.template [17ms]
2024-04-13 18:25:01.239 [info] > git for-each-ref --format=%(refname)%00%(upstream:short)%00%(objectname)%00%(upstream:track)%00%(upstream:remotename)%00%(upstream:remoteref) refs/heads/master refs/remotes/master [5ms]
2024-04-13 18:25:01.253 [info] > git status -z -uall [4ms]
2024-04-13 18:25:24.064 [info] > git config --get commit.template [15ms]
2024-04-13 18:25:24.067 [info] > git for-each-ref --format=%(refname)%00%(upstream:short)%00%(objectname)%00%(upstream:track)%00%(upstream:remotename)%00%(upstream:remoteref) refs/heads/master refs/remotes/master [5ms]
2024-04-13 18:25:24.087 [info] > git status -z -uall [6ms]
2024-04-13 18:25:45.869 [info] > git config --get commit.template [12ms]
2024-04-13 18:25:45.871 [info] > git for-each-ref --format=%(refname)%00%(upstream:short)%00%(objectname)%00%(upstream:track)%00%(upstream:remotename)%00%(upstream:remoteref) refs/heads/master refs/remotes/master [3ms]
2024-04-13 18:25:45.881 [info] > git status -z -uall [3ms]
2024-04-13 18:26:20.648 [info] > git config --get commit.template [8ms]
2024-04-13 18:26:20.649 [info] > git for-each-ref --format=%(refname)%00%(upstream:short)%00%(objectname)%00%(upstream:track)%00%(upstream:remotename)%00%(upstream:remoteref) refs/heads/master refs/remotes/master [2ms]
2024-04-13 18:26:20.656 [info] > git status -z -uall [2ms]
2024-04-13 18:26:30.782 [info] > git config --get commit.template [2ms]
2024-04-13 18:26:30.790 [info] > git for-each-ref --format=%(refname)%00%(upstream:short)%00%(objectname)%00%(upstream:track)%00%(upstream:remotename)%00%(upstream:remoteref) refs/heads/master refs/remotes/master [4ms]
2024-04-13 18:26:30.800 [info] > git status -z -uall [0ms]
2024-04-13 18:28:20.584 [info] > git config --get commit.template [12ms]
2024-04-13 18:28:20.586 [info] > git for-each-ref --format=%(refname)%00%(upstream:short)%00%(objectname)%00%(upstream:track)%00%(upstream:remotename)%00%(upstream:remoteref) refs/heads/master refs/remotes/master [3ms]
2024-04-13 18:28:20.596 [info] > git status -z -uall [2ms]
2024-04-13 18:28:34.908 [info] > git config --get commit.template [2ms]
2024-04-13 18:28:34.915 [info] > git for-each-ref --format=%(refname)%00%(upstream:short)%00%(objectname)%00%(upstream:track)%00%(upstream:remotename)%00%(upstream:remoteref) refs/heads/master refs/remotes/master [1ms]
2024-04-13 18:28:34.929 [info] > git status -z -uall [3ms]
