2024-04-11 17:17:23.701 [info] Added views:workbench.panel.markers.view in workbench.panel.markers
2024-04-11 17:17:23.701 [info] Added views:workbench.panel.output in workbench.panel.output
2024-04-11 17:17:23.701 [info] Added views:terminal in terminal
2024-04-11 17:17:23.701 [info] Added views:outline in workbench.view.explorer
2024-04-11 17:17:23.701 [info] Added views:workbench.scm in workbench.view.scm
2024-04-11 17:17:23.701 [info] Added views:workbench.view.search in workbench.view.search
2024-04-11 17:17:23.701 [info] Added views:timeline in workbench.view.explorer
2024-04-11 17:17:23.701 [info] Added views:workbench.explorer.fileView in workbench.view.explorer
2024-04-11 17:17:23.941 [info] Added views:workbench.debug.variablesView,workbench.debug.watchExpressionsView,workbench.debug.callStackView,workbench.debug.breakPointsView in workbench.view.debug
2024-04-11 17:17:24.756 [info] Added views:todo-tree-view in workbench.view.extension.todo-tree-container
2024-04-11 17:17:24.919 [info] Added views:workbench.panel.repl.view in workbench.panel.repl
2024-04-11 17:17:25.640 [info] Added views:~remote.forwardedPorts in ~remote.forwardedPortsContainer
2024-04-11 17:17:32.599 [info] Added views:workbench.panel.markers.view in workbench.panel.markers
2024-04-11 17:17:32.599 [info] Added views:workbench.panel.output in workbench.panel.output
2024-04-11 17:17:32.599 [info] Added views:terminal in terminal
2024-04-11 17:17:32.599 [info] Added views:outline in workbench.view.explorer
2024-04-11 17:17:32.599 [info] Added views:workbench.scm in workbench.view.scm
2024-04-11 17:17:32.599 [info] Added views:workbench.view.search in workbench.view.search
2024-04-11 17:17:32.599 [info] Added views:timeline in workbench.view.explorer
2024-04-11 17:17:32.599 [info] Added views:workbench.explorer.fileView in workbench.view.explorer
2024-04-11 17:17:32.771 [info] Added views:todo-tree-view in workbench.view.extension.todo-tree-container
2024-04-11 17:17:33.207 [info] Added views:workbench.debug.variablesView,workbench.debug.watchExpressionsView,workbench.debug.callStackView,workbench.debug.breakPointsView in workbench.view.debug
2024-04-11 17:17:33.249 [info] Added views:workbench.panel.repl.view in workbench.panel.repl
2024-04-11 17:17:33.452 [info] Added views:~remote.forwardedPorts in ~remote.forwardedPortsContainer
2024-04-11 17:17:33.717 [info] Added views:rustDependencies in workbench.view.explorer
2024-04-11 17:17:44.348 [info] Added views:workbench.panel.markers.view in workbench.panel.markers
2024-04-11 17:17:44.348 [info] Added views:workbench.panel.output in workbench.panel.output
2024-04-11 17:17:44.348 [info] Added views:terminal in terminal
2024-04-11 17:17:44.348 [info] Added views:outline in workbench.view.explorer
2024-04-11 17:17:44.348 [info] Added views:workbench.scm in workbench.view.scm
2024-04-11 17:17:44.348 [info] Added views:workbench.view.search in workbench.view.search
2024-04-11 17:17:44.348 [info] Added views:timeline in workbench.view.explorer
2024-04-11 17:17:44.348 [info] Added views:workbench.explorer.fileView in workbench.view.explorer
2024-04-11 17:17:44.472 [info] Added views:workbench.debug.variablesView,workbench.debug.watchExpressionsView,workbench.debug.callStackView,workbench.debug.breakPointsView in workbench.view.debug
2024-04-11 17:17:44.643 [info] Added views:todo-tree-view in workbench.view.extension.todo-tree-container
2024-04-11 17:17:44.870 [info] Added views:workbench.panel.repl.view in workbench.panel.repl
2024-04-11 17:17:45.884 [info] Added views:rustDependencies in workbench.view.explorer
2024-04-11 17:17:46.671 [info] Added views:~remote.forwardedPorts in ~remote.forwardedPortsContainer
2024-04-11 17:19:22.592 [info] Added views:lldb.loadedModules,lldb.excludedCallers in workbench.view.debug
