2024-04-13 13:51:17.544 [info] Log level: Info
2024-04-13 13:51:17.544 [info] Validating found git in: "git"
2024-04-13 13:51:17.544 [info] Using git "2.44.0" from "git"
2024-04-13 13:51:17.544 [info] > git rev-parse --show-toplevel [4ms]
2024-04-13 13:51:17.544 [info] > git rev-parse --git-dir --git-common-dir [1ms]
2024-04-13 13:51:17.544 [info] Open repository: /home/vroomer/codecrafters-redis-rust
2024-04-13 13:51:17.553 [info] > git rev-parse --show-toplevel [3ms]
2024-04-13 13:51:17.553 [info] > git config --get commit.template [6ms]
2024-04-13 13:51:17.577 [info] > git rev-parse --show-toplevel [11ms]
2024-04-13 13:51:17.581 [info] > git for-each-ref --format=%(refname)%00%(upstream:short)%00%(objectname)%00%(upstream:track)%00%(upstream:remotename)%00%(upstream:remoteref) refs/heads/master refs/remotes/master [5ms]
2024-04-13 13:51:17.582 [info] > git rev-parse --show-toplevel [2ms]
2024-04-13 13:51:17.599 [info] > git status -z -uall [2ms]
2024-04-13 13:51:17.616 [info] > git merge-base refs/heads/master refs/remotes/origin/master [13ms]
2024-04-13 13:51:17.623 [info] > git rev-list --count --left-right refs/heads/master...refs/remotes/origin/master [3ms]
2024-04-13 13:51:17.627 [info] > git config --get commit.template [12ms]
2024-04-13 13:51:17.629 [info] > git diff --name-status -z --diff-filter=ADMR 657509dc8817d766ba85a1fc75bf875358336f2e...refs/remotes/origin/master [3ms]
2024-04-13 13:51:17.636 [info] > git for-each-ref --format=%(refname)%00%(upstream:short)%00%(objectname)%00%(upstream:track)%00%(upstream:remotename)%00%(upstream:remoteref) refs/heads/master refs/remotes/master [1ms]
2024-04-13 13:51:17.758 [info] > git status -z -uall [49ms]
2024-04-13 13:51:18.060 [info] > git check-ignore -v -z --stdin [1ms]
2024-04-13 13:51:19.327 [info] > git config --get commit.template [4ms]
2024-04-13 13:51:19.327 [info] > git for-each-ref --format=%(refname)%00%(upstream:short)%00%(objectname)%00%(upstream:track)%00%(upstream:remotename)%00%(upstream:remoteref) refs/heads/master refs/remotes/master [1ms]
2024-04-13 13:51:19.332 [info] > git status -z -uall [2ms]
2024-04-13 13:51:54.259 [info] > git show --textconv :src/command/Untitled-1.py [16ms]
2024-04-13 13:51:54.263 [info] > git ls-files --stage -- /home/vroomer/codecrafters-redis-rust/src/command/Untitled-1.py [6ms]
2024-04-13 13:51:54.450 [info] > git check-ignore -v -z --stdin [2ms]
2024-04-13 13:51:55.127 [info] > git config --get commit.template [18ms]
2024-04-13 13:51:55.129 [info] > git for-each-ref --format=%(refname)%00%(upstream:short)%00%(objectname)%00%(upstream:track)%00%(upstream:remotename)%00%(upstream:remoteref) refs/heads/master refs/remotes/master [5ms]
2024-04-13 13:51:55.152 [info] > git status -z -uall [7ms]
2024-04-13 13:52:33.190 [info] > git config --get commit.template [15ms]
2024-04-13 13:52:33.193 [info] > git for-each-ref --format=%(refname)%00%(upstream:short)%00%(objectname)%00%(upstream:track)%00%(upstream:remotename)%00%(upstream:remoteref) refs/heads/master refs/remotes/master [5ms]
2024-04-13 13:52:33.213 [info] > git status -z -uall [6ms]
2024-04-13 13:53:44.789 [info] > git show --textconv :src/command/Untitled-1.py [19ms]
2024-04-13 13:53:44.794 [info] > git ls-files --stage -- /home/vroomer/codecrafters-redis-rust/src/command/Untitled-1.py [6ms]
2024-04-13 13:54:06.979 [info] > git config --get commit.template [21ms]
2024-04-13 13:54:06.981 [info] > git for-each-ref --format=%(refname)%00%(upstream:short)%00%(objectname)%00%(upstream:track)%00%(upstream:remotename)%00%(upstream:remoteref) refs/heads/master refs/remotes/master [6ms]
2024-04-13 13:54:07.005 [info] > git status -z -uall [7ms]
2024-04-13 13:55:38.368 [info] > git config --get commit.template [4ms]
2024-04-13 13:55:38.387 [info] > git for-each-ref --format=%(refname)%00%(upstream:short)%00%(objectname)%00%(upstream:track)%00%(upstream:remotename)%00%(upstream:remoteref) refs/heads/master refs/remotes/master [5ms]
2024-04-13 13:55:38.400 [info] > git status -z -uall [3ms]
2024-04-13 14:11:39.937 [info] > git config --get commit.template [17ms]
2024-04-13 14:11:39.939 [info] > git for-each-ref --format=%(refname)%00%(upstream:short)%00%(objectname)%00%(upstream:track)%00%(upstream:remotename)%00%(upstream:remoteref) refs/heads/master refs/remotes/master [5ms]
2024-04-13 14:11:39.960 [info] > git status -z -uall [5ms]
2024-04-13 14:15:26.598 [info] > git config --get commit.template [19ms]
2024-04-13 14:15:26.602 [info] > git for-each-ref --format=%(refname)%00%(upstream:short)%00%(objectname)%00%(upstream:track)%00%(upstream:remotename)%00%(upstream:remoteref) refs/heads/master refs/remotes/master [6ms]
2024-04-13 14:15:26.625 [info] > git status -z -uall [6ms]
2024-04-13 14:15:57.797 [info] > git config --get commit.template [19ms]
2024-04-13 14:15:57.801 [info] > git for-each-ref --format=%(refname)%00%(upstream:short)%00%(objectname)%00%(upstream:track)%00%(upstream:remotename)%00%(upstream:remoteref) refs/heads/master refs/remotes/master [5ms]
2024-04-13 14:15:57.824 [info] > git status -z -uall [6ms]
2024-04-13 14:16:12.140 [info] > git config --get commit.template [4ms]
2024-04-13 14:16:12.141 [info] > git for-each-ref --format=%(refname)%00%(upstream:short)%00%(objectname)%00%(upstream:track)%00%(upstream:remotename)%00%(upstream:remoteref) refs/heads/master refs/remotes/master [1ms]
2024-04-13 14:16:12.146 [info] > git status -z -uall [1ms]
2024-04-13 14:16:44.578 [info] > git for-each-ref --format=%(refname)%00%(upstream:short)%00%(objectname)%00%(upstream:track)%00%(upstream:remotename)%00%(upstream:remoteref) refs/heads/master refs/remotes/master [6ms]
2024-04-13 14:16:44.579 [info] > git config --get commit.template [25ms]
2024-04-13 14:16:44.593 [info] > git status -z -uall [4ms]
