2024-04-20 23:00:38.495 [info] Getting Manifest... equinusocio.vsc-material-theme-icons
2024-04-20 23:00:38.499 [info] Getting Manifest... rust-lang.rust-analyzer
2024-04-20 23:00:40.217 [info] Installing extension: equinusocio.vsc-material-theme-icons
2024-04-20 23:00:40.618 [info] Installing extension: rust-lang.rust-analyzer
2024-04-20 23:00:43.604 [error] Could not load vsce-sign module Cannot find module '@vscode/vsce-sign'
Require stack:
- /usr/lib/code/out/bootstrap-amd.js
- /usr/lib/code/out/bootstrap-fork.js
2024-04-20 23:00:43.612 [info] Extension signature verification is not done: equinusocio.vsc-material-theme-icons
2024-04-20 23:00:44.943 [info] Extracted extension to file:///home/vroomer/.vscode-oss/extensions/equinusocio.vsc-material-theme-icons-3.6.0-universal: equinusocio.vsc-material-theme-icons
2024-04-20 23:00:44.953 [info] Renamed to /home/vroomer/.vscode-oss/extensions/equinusocio.vsc-material-theme-icons-3.6.0-universal
2024-04-20 23:00:44.957 [info] Extracting extension completed. equinusocio.vsc-material-theme-icons
2024-04-20 23:00:44.980 [info] Extension installed successfully: equinusocio.vsc-material-theme-icons
2024-04-20 23:00:44.988 [info] Marked extension as uninstalled equinusocio.vsc-material-theme-icons-3.5.0-universal
2024-04-20 23:00:45.067 [error] [uncaught exception in sharedProcess]: Error: ENOENT: no such file or directory, stat '/home/vroomer/.vscode-oss/extensions/extensions.json.vsctmp': EntryNotFound (FileSystemError): Error: ENOENT: no such file or directory, stat '/home/vroomer/.vscode-oss/extensions/extensions.json.vsctmp'
    at r.create (/usr/lib/code/out/vs/code/node/sharedProcess/sharedProcessMain.js:53:30080)
    at a (/usr/lib/code/out/vs/code/node/sharedProcess/sharedProcessMain.js:53:30195)
    at i.fb (/usr/lib/code/out/vs/code/node/sharedProcess/sharedProcessMain.js:58:36500)
    at i.stat (/usr/lib/code/out/vs/code/node/sharedProcess/sharedProcessMain.js:58:28946)
    at async $.stat (/usr/lib/code/out/vs/code/node/sharedProcess/sharedProcessMain.js:58:16092)
    at async K.sb (/usr/lib/code/out/vs/code/node/sharedProcess/sharedProcessMain.js:104:108402)
2024-04-20 23:00:59.045 [error] Could not load vsce-sign module Cannot find module '@vscode/vsce-sign'
Require stack:
- /usr/lib/code/out/bootstrap-amd.js
- /usr/lib/code/out/bootstrap-fork.js
2024-04-20 23:00:59.047 [info] Extension signature verification is not done: rust-lang.rust-analyzer
2024-04-20 23:00:59.364 [info] Extracted extension to file:///home/vroomer/.vscode-oss/extensions/rust-lang.rust-analyzer-0.3.1924-linux-x64: rust-lang.rust-analyzer
2024-04-20 23:00:59.371 [info] Renamed to /home/vroomer/.vscode-oss/extensions/rust-lang.rust-analyzer-0.3.1924-linux-x64
2024-04-20 23:00:59.373 [info] Extracting extension completed. rust-lang.rust-analyzer
2024-04-20 23:00:59.381 [info] Extension installed successfully: rust-lang.rust-analyzer
2024-04-20 23:00:59.383 [info] Marked extension as uninstalled rust-lang.rust-analyzer-0.3.1916-linux-x64
2024-04-20 23:00:59.466 [error] [uncaught exception in sharedProcess]: Error: ENOENT: no such file or directory, stat '/home/vroomer/.vscode-oss/extensions/extensions.json.vsctmp': EntryNotFound (FileSystemError): Error: ENOENT: no such file or directory, stat '/home/vroomer/.vscode-oss/extensions/extensions.json.vsctmp'
    at r.create (/usr/lib/code/out/vs/code/node/sharedProcess/sharedProcessMain.js:53:30080)
    at a (/usr/lib/code/out/vs/code/node/sharedProcess/sharedProcessMain.js:53:30195)
    at i.fb (/usr/lib/code/out/vs/code/node/sharedProcess/sharedProcessMain.js:58:36500)
    at i.stat (/usr/lib/code/out/vs/code/node/sharedProcess/sharedProcessMain.js:58:28946)
    at async $.stat (/usr/lib/code/out/vs/code/node/sharedProcess/sharedProcessMain.js:58:16092)
    at async K.sb (/usr/lib/code/out/vs/code/node/sharedProcess/sharedProcessMain.js:104:108402)
