2024-04-11 17:17:23.967 [info] Revived process, old id dc6be3cd26d7e0423f2cec568f140584-1 -> new id 1
2024-04-11 17:17:23.967 [info] Revived process, old id dc6be3cd26d7e0423f2cec568f140584-2 -> new id 2
2024-04-11 17:17:24.022 [info] Expanding terminal instance, old id dc6be3cd26d7e0423f2cec568f140584-1 -> new id 1
2024-04-11 17:17:24.022 [info] Expanding terminal instance, old id dc6be3cd26d7e0423f2cec568f140584-2 -> new id 2
2024-04-11 17:17:24.791 [warning] Persistent process "1": Process had no disconnect runners but was an orphan
2024-04-11 17:17:24.791 [info] Persistent process reconnection "1"
2024-04-11 17:17:24.792 [warning] Persistent process "2": Process had no disconnect runners but was an orphan
2024-04-11 17:17:24.792 [info] Persistent process reconnection "2"
2024-04-11 17:17:24.857 [info] Persistent process "1": Replaying 2511 chars and 1 size events
2024-04-11 17:17:24.924 [info] Persistent process "2": Replaying 850 chars and 1 size events
2024-04-11 17:17:32.616 [info] Revived process, old id 6fe04fe60ca50e70df0446025ff1dfdb-1 -> new id 3
2024-04-11 17:17:32.670 [info] Expanding terminal instance, old id 6fe04fe60ca50e70df0446025ff1dfdb-1 -> new id 3
2024-04-11 17:17:33.278 [warning] Persistent process "3": Process had no disconnect runners but was an orphan
2024-04-11 17:17:33.278 [info] Persistent process reconnection "3"
2024-04-11 17:17:33.302 [info] Persistent process "3": Replaying 8743 chars and 1 size events
2024-04-11 17:17:44.373 [info] Revived process, old id 9ac3000e531783b37beaaef8440358c5-1 -> new id 4
2024-04-11 17:17:44.373 [info] Revived process, old id 9ac3000e531783b37beaaef8440358c5-2 -> new id 5
2024-04-11 17:17:44.373 [info] Revived process, old id 9ac3000e531783b37beaaef8440358c5-3 -> new id 6
2024-04-11 17:17:44.373 [info] Revived process, old id 9ac3000e531783b37beaaef8440358c5-4 -> new id 7
2024-04-11 17:17:44.373 [info] Revived process, old id 9ac3000e531783b37beaaef8440358c5-5 -> new id 8
2024-04-11 17:17:44.373 [info] Revived process, old id 9ac3000e531783b37beaaef8440358c5-7 -> new id 9
2024-04-11 17:17:44.373 [info] Revived process, old id 9ac3000e531783b37beaaef8440358c5-9 -> new id 10
2024-04-11 17:17:44.475 [info] Expanding terminal instance, old id 9ac3000e531783b37beaaef8440358c5-1 -> new id 4
2024-04-11 17:17:44.475 [info] Expanding terminal instance, old id 9ac3000e531783b37beaaef8440358c5-2 -> new id 5
2024-04-11 17:17:44.475 [info] Expanding terminal instance, old id 9ac3000e531783b37beaaef8440358c5-3 -> new id 6
2024-04-11 17:17:44.475 [info] Expanding terminal instance, old id 9ac3000e531783b37beaaef8440358c5-4 -> new id 7
2024-04-11 17:17:44.475 [info] Expanding terminal instance, old id 9ac3000e531783b37beaaef8440358c5-5 -> new id 8
2024-04-11 17:17:44.475 [info] Expanding terminal instance, old id 9ac3000e531783b37beaaef8440358c5-7 -> new id 9
2024-04-11 17:17:44.476 [info] Expanding terminal instance, old id 9ac3000e531783b37beaaef8440358c5-9 -> new id 10
2024-04-11 17:17:45.476 [warning] Persistent process "4": Process had no disconnect runners but was an orphan
2024-04-11 17:17:45.476 [info] Persistent process reconnection "4"
2024-04-11 17:17:45.477 [warning] Persistent process "5": Process had no disconnect runners but was an orphan
2024-04-11 17:17:45.477 [info] Persistent process reconnection "5"
2024-04-11 17:17:45.477 [warning] Persistent process "6": Process had no disconnect runners but was an orphan
2024-04-11 17:17:45.477 [info] Persistent process reconnection "6"
2024-04-11 17:17:45.477 [warning] Persistent process "7": Process had no disconnect runners but was an orphan
2024-04-11 17:17:45.477 [info] Persistent process reconnection "7"
2024-04-11 17:17:45.477 [warning] Persistent process "8": Process had no disconnect runners but was an orphan
2024-04-11 17:17:45.477 [info] Persistent process reconnection "8"
2024-04-11 17:17:45.477 [warning] Persistent process "9": Process had no disconnect runners but was an orphan
2024-04-11 17:17:45.477 [info] Persistent process reconnection "9"
2024-04-11 17:17:45.477 [warning] Persistent process "10": Process had no disconnect runners but was an orphan
2024-04-11 17:17:45.477 [info] Persistent process reconnection "10"
2024-04-11 17:17:45.503 [info] Persistent process "4": Replaying 7197 chars and 1 size events
2024-04-11 17:17:45.525 [info] Persistent process "5": Replaying 3129 chars and 1 size events
2024-04-11 17:17:45.535 [info] Persistent process "6": Replaying 3020 chars and 1 size events
2024-04-11 17:17:45.540 [info] Persistent process "7": Replaying 340 chars and 1 size events
2024-04-11 17:17:45.552 [info] Persistent process "8": Replaying 1772 chars and 1 size events
2024-04-11 17:17:45.561 [info] Persistent process "9": Replaying 6356 chars and 1 size events
2024-04-11 17:17:45.567 [info] Persistent process "10": Replaying 232 chars and 1 size events
