2024-04-13 18:21:51.670 [info] Default formatter is set to esbenp.prettier-vscode for workspace /home/vroomer/codecrafters-redis-rust
2024-04-13 18:21:51.671 [error] Unable to check if shell integration is active [Error: Extension 'ms-python.python' CANNOT use API proposal: terminalDataWriteEvent.
Its package.json#enabledApiProposals-property declares:  but NOT terminalDataWriteEvent.
 The missing proposal MUST be added and you must start in extension development mode or use the following command line switch: --enable-proposed-api ms-python.python
	at C (/usr/lib/code/out/vs/workbench/api/node/extensionHostProcess.js:140:50961)
	at a.onDidWriteTerminalData (/usr/lib/code/out/vs/workbench/api/node/extensionHostProcess.js:162:32771)
	at new g (/home/vroomer/.vscode-oss/extensions/ms-python.python-2024.4.1-universal/out/client/extension.js:2:746998)
	at t.resolveInstance (/home/vroomer/.vscode-oss/extensions/ms-python.python-2024.4.1-universal/out/client/extension.js:2:2007385)
	at /home/vroomer/.vscode-oss/extensions/ms-python.python-2024.4.1-universal/out/client/extension.js:2:2009293
	at Array.map (<anonymous>)
	at t.resolveInstance (/home/vroomer/.vscode-oss/extensions/ms-python.python-2024.4.1-universal/out/client/extension.js:2:2007159)
	at /home/vroomer/.vscode-oss/extensions/ms-python.python-2024.4.1-universal/out/client/extension.js:2:2009293
	at t.resolve (/home/vroomer/.vscode-oss/extensions/ms-python.python-2024.4.1-universal/out/client/extension.js:2:2009556)
	at /home/vroomer/.vscode-oss/extensions/ms-python.python-2024.4.1-universal/out/client/extension.js:2:1993119
	at e._get (/home/vroomer/.vscode-oss/extensions/ms-python.python-2024.4.1-universal/out/client/extension.js:2:1992885)
	at e.get (/home/vroomer/.vscode-oss/extensions/ms-python.python-2024.4.1-universal/out/client/extension.js:2:1991597)
	at e.dynamicValue (/home/vroomer/.vscode-oss/extensions/ms-python.python-2024.4.1-universal/out/client/extension.js:2:2014661)
	at /home/vroomer/.vscode-oss/extensions/ms-python.python-2024.4.1-universal/out/client/extension.js:2:2008782
	at c (/home/vroomer/.vscode-oss/extensions/ms-python.python-2024.4.1-universal/out/client/extension.js:2:2007828)
	at /home/vroomer/.vscode-oss/extensions/ms-python.python-2024.4.1-universal/out/client/extension.js:2:2008722
	at /home/vroomer/.vscode-oss/extensions/ms-python.python-2024.4.1-universal/out/client/extension.js:2:2008241
	at Array.map (<anonymous>)
	at /home/vroomer/.vscode-oss/extensions/ms-python.python-2024.4.1-universal/out/client/extension.js:2:2008213
	at Array.map (<anonymous>)
	at t.resolveInstance (/home/vroomer/.vscode-oss/extensions/ms-python.python-2024.4.1-universal/out/client/extension.js:2:2007159)
	at /home/vroomer/.vscode-oss/extensions/ms-python.python-2024.4.1-universal/out/client/extension.js:2:2009293
	at t.resolve (/home/vroomer/.vscode-oss/extensions/ms-python.python-2024.4.1-universal/out/client/extension.js:2:2009556)
	at /home/vroomer/.vscode-oss/extensions/ms-python.python-2024.4.1-universal/out/client/extension.js:2:1993119
	at e._get (/home/vroomer/.vscode-oss/extensions/ms-python.python-2024.4.1-universal/out/client/extension.js:2:1992885)
	at e.get (/home/vroomer/.vscode-oss/extensions/ms-python.python-2024.4.1-universal/out/client/extension.js:2:1991597)
	at a.get (/home/vroomer/.vscode-oss/extensions/ms-python.python-2024.4.1-universal/out/client/extension.js:2:463338)
	at /home/vroomer/.vscode-oss/extensions/ms-python.python-2024.4.1-universal/out/client/extension.js:2:384002
	at async t.activateComponents (/home/vroomer/.vscode-oss/extensions/ms-python.python-2024.4.1-universal/out/client/extension.js:2:382289)
	at async /home/vroomer/.vscode-oss/extensions/ms-python.python-2024.4.1-universal/out/client/extension.js:2:2928053
	at async e (/home/vroomer/.vscode-oss/extensions/ms-python.python-2024.4.1-universal/out/client/extension.js:2:2927585)
	at async o.n (/usr/lib/code/out/vs/workbench/api/node/extensionHostProcess.js:142:6237)
	at async o.m (/usr/lib/code/out/vs/workbench/api/node/extensionHostProcess.js:142:6200)
	at async o.l (/usr/lib/code/out/vs/workbench/api/node/extensionHostProcess.js:142:5657)]
2024-04-13 18:21:51.672 [info] Test server listening.
2024-04-13 18:21:51.673 [info] Python interpreter path: /bin/python
2024-04-13 18:21:51.682 [info] > pyenv which python
2024-04-13 18:21:51.682 [info] cwd: .
2024-04-13 18:21:51.714 [error] [
  'Failed to activate a workspace, Class name = g, completed in 46ms, has a falsy return value, Arg 1: <Uri:/home/vroomer/codecrafters-redis-rust/src/command/Untitled-1.py>, Arg 2: {"started":1713012711584}, Return Value: undefined',
  [Error: Extension 'ms-python.python' CANNOT use API proposal: testObserver.
  Its package.json#enabledApiProposals-property declares:  but NOT testObserver.
   The missing proposal MUST be added and you must start in extension development mode or use the following command line switch: --enable-proposed-api ms-python.python
  	at C (/usr/lib/code/out/vs/workbench/api/node/extensionHostProcess.js:140:50961)
  	at get testResults [as testResults] (/usr/lib/code/out/vs/workbench/api/node/extensionHostProcess.js:162:25476)
  	at T.activate (/home/vroomer/.vscode-oss/extensions/ms-python.python-2024.4.1-universal/out/client/extension.js:2:775617)
  	at /home/vroomer/.vscode-oss/extensions/ms-python.python-2024.4.1-universal/out/client/extension.js:2:2460
  	at Array.map (<anonymous>)
  	at g.activateWorkspace (/home/vroomer/.vscode-oss/extensions/ms-python.python-2024.4.1-universal/out/client/extension.js:2:2450)]
]
2024-04-13 18:21:51.714 [error] Failure during activation. [Error: Extension 'ms-python.python' CANNOT use API proposal: testObserver.
Its package.json#enabledApiProposals-property declares:  but NOT testObserver.
 The missing proposal MUST be added and you must start in extension development mode or use the following command line switch: --enable-proposed-api ms-python.python
	at C (/usr/lib/code/out/vs/workbench/api/node/extensionHostProcess.js:140:50961)
	at get testResults [as testResults] (/usr/lib/code/out/vs/workbench/api/node/extensionHostProcess.js:162:25476)
	at T.activate (/home/vroomer/.vscode-oss/extensions/ms-python.python-2024.4.1-universal/out/client/extension.js:2:775617)
	at /home/vroomer/.vscode-oss/extensions/ms-python.python-2024.4.1-universal/out/client/extension.js:2:2460
	at Array.map (<anonymous>)
	at g.activateWorkspace (/home/vroomer/.vscode-oss/extensions/ms-python.python-2024.4.1-universal/out/client/extension.js:2:2450)]
2024-04-13 18:21:51.714 [error] sendStartupTelemetry() failed. [Error: Extension 'ms-python.python' CANNOT use API proposal: testObserver.
Its package.json#enabledApiProposals-property declares:  but NOT testObserver.
 The missing proposal MUST be added and you must start in extension development mode or use the following command line switch: --enable-proposed-api ms-python.python
	at C (/usr/lib/code/out/vs/workbench/api/node/extensionHostProcess.js:140:50961)
	at get testResults [as testResults] (/usr/lib/code/out/vs/workbench/api/node/extensionHostProcess.js:162:25476)
	at T.activate (/home/vroomer/.vscode-oss/extensions/ms-python.python-2024.4.1-universal/out/client/extension.js:2:775617)
	at /home/vroomer/.vscode-oss/extensions/ms-python.python-2024.4.1-universal/out/client/extension.js:2:2460
	at Array.map (<anonymous>)
	at g.activateWorkspace (/home/vroomer/.vscode-oss/extensions/ms-python.python-2024.4.1-universal/out/client/extension.js:2:2450)]
2024-04-13 18:21:52.520 [info] Starting Jedi language server for codecrafters-redis-rust.
2024-04-13 18:21:52.954 [info] Discover tests for workspace name: codecrafters-redis-rust - uri: /home/vroomer/codecrafters-redis-rust/src/command/Untitled-1.py
2024-04-13 18:21:57.861 [info] Send text to terminal:  /bin/python /home/vroomer/.vscode-oss/extensions/ms-python.debugpy-2024.4.0-linux-x64/bundled/libs/debugpy/adapter/../../debugpy/launcher 41331 -- /home/vroomer/codecrafters-redis-rust/src/command/Untitled-1.py 
2024-04-13 18:22:07.032 [info] CreateEnv Trigger - Skipping for /home/vroomer/codecrafters-redis-rust/src/command/Untitled-1.py
2024-04-13 18:22:07.102 [info] Send text to terminal: /bin/python /home/vroomer/codecrafters-redis-rust/src/command/Untitled-1.py
2024-04-13 18:22:24.412 [info] Discover tests for workspace name: codecrafters-redis-rust - uri: /home/vroomer/codecrafters-redis-rust/src/command/Untitled-1.py
2024-04-13 18:22:31.422 [info] Send text to terminal: /bin/python /home/vroomer/codecrafters-redis-rust/src/command/Untitled-1.py
2024-04-13 18:22:53.845 [info] Discover tests for workspace name: codecrafters-redis-rust - uri: /home/vroomer/codecrafters-redis-rust/src/command/Untitled-1.py
2024-04-13 18:22:54.407 [info] Send text to terminal: /bin/python /home/vroomer/codecrafters-redis-rust/src/command/Untitled-1.py
2024-04-13 18:23:01.771 [info] Discover tests for workspace name: codecrafters-redis-rust - uri: /home/vroomer/codecrafters-redis-rust/src/command/Untitled-1.py
2024-04-13 18:23:10.122 [info] Discover tests for workspace name: codecrafters-redis-rust - uri: /home/vroomer/codecrafters-redis-rust/src/command/Untitled-1.py
2024-04-13 18:23:16.837 [info] Discover tests for workspace name: codecrafters-redis-rust - uri: /home/vroomer/codecrafters-redis-rust/src/command/Untitled-1.py
2024-04-13 18:23:26.793 [info] Discover tests for workspace name: codecrafters-redis-rust - uri: /home/vroomer/codecrafters-redis-rust/src/command/Untitled-1.py
2024-04-13 18:23:29.334 [info] Discover tests for workspace name: codecrafters-redis-rust - uri: /home/vroomer/codecrafters-redis-rust/src/command/Untitled-1.py
2024-04-13 18:23:40.313 [info] Discover tests for workspace name: codecrafters-redis-rust - uri: /home/vroomer/codecrafters-redis-rust/src/command/Untitled-1.py
2024-04-13 18:23:52.828 [info] Discover tests for workspace name: codecrafters-redis-rust - uri: /home/vroomer/codecrafters-redis-rust/src/command/Untitled-1.py
2024-04-13 18:23:53.884 [info] Send text to terminal: /bin/python /home/vroomer/codecrafters-redis-rust/src/command/Untitled-1.py
2024-04-13 18:23:57.738 [info] Discover tests for workspace name: codecrafters-redis-rust - uri: /home/vroomer/codecrafters-redis-rust/src/command/Untitled-1.py
2024-04-13 18:24:15.962 [info] Discover tests for workspace name: codecrafters-redis-rust - uri: /home/vroomer/codecrafters-redis-rust/src/command/Untitled-1.py
2024-04-13 18:24:23.344 [info] Discover tests for workspace name: codecrafters-redis-rust - uri: /home/vroomer/codecrafters-redis-rust/src/command/Untitled-1.py
2024-04-13 18:24:24.755 [info] Send text to terminal: /bin/python /home/vroomer/codecrafters-redis-rust/src/command/Untitled-1.py
2024-04-13 18:24:28.058 [info] Discover tests for workspace name: codecrafters-redis-rust - uri: /home/vroomer/codecrafters-redis-rust/src/command/Untitled-1.py
2024-04-13 18:24:30.532 [info] Send text to terminal: /bin/python /home/vroomer/codecrafters-redis-rust/src/command/Untitled-1.py
2024-04-13 18:24:31.072 [info] Send text to terminal: /bin/python /home/vroomer/codecrafters-redis-rust/src/command/Untitled-1.py
2024-04-13 18:24:44.620 [info] Discover tests for workspace name: codecrafters-redis-rust - uri: /home/vroomer/codecrafters-redis-rust/src/command/Untitled-1.py
2024-04-13 18:24:47.096 [info] Discover tests for workspace name: codecrafters-redis-rust - uri: /home/vroomer/codecrafters-redis-rust/src/command/Untitled-1.py
2024-04-13 18:24:48.023 [info] Send text to terminal: /bin/python /home/vroomer/codecrafters-redis-rust/src/command/Untitled-1.py
2024-04-13 18:24:51.863 [info] Send text to terminal: /bin/python /home/vroomer/codecrafters-redis-rust/src/command/Untitled-1.py
2024-04-13 18:25:00.390 [info] Discover tests for workspace name: codecrafters-redis-rust - uri: /home/vroomer/codecrafters-redis-rust/src/command/Untitled-1.py
2024-04-13 18:25:01.270 [info] Send text to terminal: /bin/python /home/vroomer/codecrafters-redis-rust/src/command/Untitled-1.py
2024-04-13 18:25:23.212 [info] Discover tests for workspace name: codecrafters-redis-rust - uri: /home/vroomer/codecrafters-redis-rust/src/command/Untitled-1.py
2024-04-13 18:25:45.031 [info] Discover tests for workspace name: codecrafters-redis-rust - uri: /home/vroomer/codecrafters-redis-rust/src/command/Untitled-1.py
2024-04-13 18:25:46.621 [info] Send text to terminal: /bin/python /home/vroomer/codecrafters-redis-rust/src/command/Untitled-1.py
2024-04-13 18:26:19.583 [info] Send text to terminal: /bin/python /home/vroomer/codecrafters-redis-rust/src/command/Untitled-1.py
2024-04-13 18:26:19.817 [info] Discover tests for workspace name: codecrafters-redis-rust - uri: /home/vroomer/codecrafters-redis-rust/src/command/Untitled-1.py
2024-04-13 18:26:29.956 [info] Discover tests for workspace name: codecrafters-redis-rust - uri: /home/vroomer/codecrafters-redis-rust/src/command/Untitled-1.py
2024-04-13 18:26:32.986 [info] Send text to terminal: /bin/python /home/vroomer/codecrafters-redis-rust/src/command/Untitled-1.py
2024-04-13 18:28:19.516 [info] Send text to terminal: /bin/python /home/vroomer/codecrafters-redis-rust/src/command/Untitled-1.py
2024-04-13 18:28:19.745 [info] Discover tests for workspace name: codecrafters-redis-rust - uri: /home/vroomer/codecrafters-redis-rust/src/command/Untitled-1.py
2024-04-13 18:28:34.081 [info] Discover tests for workspace name: codecrafters-redis-rust - uri: /home/vroomer/codecrafters-redis-rust/src/command/Untitled-1.py
2024-04-13 18:28:35.093 [info] Send text to terminal: /bin/python /home/vroomer/codecrafters-redis-rust/src/command/Untitled-1.py
