2024-05-01T09:56:44.282Z 0: 

----------------------------------------------
2024-05-01T09:56:44.307Z 1: Discord starting: {"releaseChannel":"stable","version":"0.0.52"}, modulepath: /home/vroomer/.config/discord/0.0.52/modules
2024-05-01T09:56:44.312Z 2: ✅ webContents.created web1 ""
2024-05-01T09:56:44.315Z 3: ✅ window.created win1 "discord"
2024-05-01T09:56:44.515Z 4: ✅ webContents.did-finish-load web1
2024-05-01T09:57:03.039Z 5: ✅ webContents.created web2 ""
2024-05-01T09:57:03.077Z 6: ✅ window.created win2 "Discord"
2024-05-01T09:57:04.933Z 7: ✅ webContents.did-finish-load web2
2024-05-01T09:57:05.033Z 8: window.close win1
2024-05-01T09:57:05.051Z 9: webContents.destroyed web1
2024-05-01T09:57:05.054Z 10: window.closed win1
2024-05-01T10:01:24.006Z 11: window.close win2
2024-05-04T07:58:33.000Z 0: 

----------------------------------------------
2024-05-04T07:58:33.022Z 1: Discord starting: {"releaseChannel":"stable","version":"0.0.52"}, modulepath: /home/vroomer/.config/discord/0.0.52/modules
2024-05-04T07:58:33.038Z 2: ✅ webContents.created web1 ""
2024-05-04T07:58:33.059Z 3: ✅ window.created win1 "discord"
2024-05-04T07:58:33.529Z 4: ✅ webContents.did-finish-load web1
2024-05-04T07:58:34.141Z 5: ✅ webContents.created web2 ""
2024-05-04T07:58:34.146Z 6: ✅ window.created win2 "Discord"
2024-05-04T07:58:37.243Z 7: ✅ webContents.did-finish-load web2
2024-05-04T07:58:37.344Z 8: window.close win1
2024-05-04T07:58:37.350Z 9: webContents.destroyed web1
2024-05-04T07:58:37.353Z 10: window.closed win1
2024-05-04T08:19:23.959Z 11: window.close win2
2024-05-04T08:27:52.780Z 0: 

----------------------------------------------
2024-05-04T08:28:26.168Z 12: window.close win2
2024-05-04T08:35:48.507Z 0: 

----------------------------------------------
2024-05-04T08:35:48.521Z 1: Discord starting: {"releaseChannel":"stable","version":"0.0.52"}, modulepath: /home/vroomer/.config/discord/0.0.52/modules
2024-05-04T08:39:52.222Z 13: window.close win2
2024-05-04T09:44:57.082Z 0: 

----------------------------------------------
2024-05-04T09:44:57.090Z 1: Discord starting: {"releaseChannel":"stable","version":"0.0.52"}, modulepath: /home/vroomer/.config/discord/0.0.52/modules
2024-05-04T10:15:52.648Z 14: window.close win2
2024-05-05T07:27:06.306Z 0: 

----------------------------------------------
2024-05-05T07:28:14.060Z 15: window.close win2
2024-05-05T11:23:39.454Z 16: before-quit
2024-05-05T17:31:58.509Z 0: 

----------------------------------------------
2024-05-05T17:31:58.529Z 1: Discord starting: {"releaseChannel":"stable","version":"0.0.52"}, modulepath: /home/vroomer/.config/discord/0.0.52/modules
2024-05-05T17:31:58.546Z 2: ✅ webContents.created web1 ""
2024-05-05T17:31:58.551Z 3: ✅ window.created win1 "discord"
2024-05-05T17:31:59.071Z 4: ✅ webContents.did-finish-load web1
2024-05-05T17:31:59.569Z 5: ✅ webContents.created web2 ""
2024-05-05T17:31:59.581Z 6: ✅ window.created win2 "Discord"
2024-05-05T17:32:01.970Z 7: ✅ webContents.did-finish-load web2
2024-05-05T17:32:02.072Z 8: window.close win1
2024-05-05T17:32:02.090Z 9: webContents.destroyed web1
2024-05-05T17:32:02.094Z 10: window.closed win1
2024-05-05T19:08:15.916Z 11: window.close win2
2024-05-05T19:41:08.726Z 0: 

----------------------------------------------
2024-05-05T19:41:29.981Z 12: window.close win2
2024-05-05T19:47:39.117Z 13: before-quit
