[04/11/24, 15:45:11:347] info: 
╔══════════════════════════════════════════════════════╗
║      Slack 4.37.101, linux 6.8.2-arch2-1 on x64      ║
╚══════════════════════════════════════════════════════╝ 
[04/11/24, 15:45:11:348] info: Configured logger via 
{
  "loggerInstanceCount": 1
}
[04/11/24, 15:45:11:358] info: Predefined values for process 
{
  "NODE_ENV": "production",
  "platform": "linux",
  "type": "browser",
  "timeZone": "Asia/Calcutta",
  "PACKAGE_MANIFEST.productName": "Slack",
  "PACKAGE_MANIFEST.version": "4.37.101",
  "PACKAGE_MANIFEST.commit": "889becc",
  "PACKAGE_MANIFEST.branch": "HEAD"
}
[04/11/24, 15:45:11:476] info: Starting Sentry 
[04/11/24, 15:45:11:476] info: persistUuid:: Generated uuid 
{
  "uuid": "15a607b1-15ce-4673-9c62-81871e70fcf1"
}
[04/11/24, 15:45:11:476] info: persistUuid:: Uuid persisted successfully 
[04/11/24, 15:45:11:477] info: getSentryDSN: Setting sentry URL to slack.com 
[04/11/24, 15:45:11:486] info: Could not load previous electron version 
[04/11/24, 15:45:11:556] info: Breadcrumb: electron: app.will-finish-launching 
[04/11/24, 15:45:11:561] info: Breadcrumb: electron: app.ready 
[04/11/24, 15:45:11:565] info: Breadcrumb: electron: app.session-created 
[04/11/24, 15:45:11:566] info: Breadcrumb: electron: app.session-created 
[04/11/24, 15:45:11:580] info: Store: persist/PERSIST 
[04/11/24, 15:45:11:582] info: Store: UPDATE_SETTINGS 
{
  "locale": "en-US"
}
[04/11/24, 15:45:11:585] info: Migrating from redux-persist@v4 
[04/11/24, 15:45:11:585] info: Finished migrating state 
{
  "keys": [
    "_persist"
  ],
  "version": 1
}
[04/11/24, 15:45:11:585] info: Store: persist/REHYDRATE 
{
  "_persist": "Persistence version: 1"
}
[04/11/24, 15:45:11:586] info: Store: RECORD_PERFORMANCE_TIMING 
{
  "phase": 0,
  "interval": 8
}
[04/11/24, 15:45:11:587] info: Store: INITIALIZE 
{
  "resourcePath": "/usr/lib/slack/resources/app.asar",
  "tsaToken": "[REDACTED]",
  "bootFragments": []
}
[04/11/24, 15:45:11:595] info: Store: SET_SESSION_MODE 
[04/11/24, 15:45:11:596] info: Feature Check: requesting features from https://app.slack.com/api/ 
[04/11/24, 15:45:11:598] info: Breadcrumb: electron: powerMonitor.newListener 
[04/11/24, 15:45:11:598] info: Breadcrumb: electron: powerMonitor.newListener 
[04/11/24, 15:45:11:601] error: Failed to load calls-desktop-interop.WindowBorderPanel 
{
  "error": {
    "stack": "Error: Module did not self-register: '/usr/lib/slack/resources/app.asar.unpacked/node_modules/@tinyspeck/huddles-desktop-utils/build/Release/CallsDesktopInterop.node'.\n    at process.func [as dlopen] (node:electron/js2c/node_init:2:2214)\n    at Module._extensions..node (node:internal/modules/cjs/loader:1343:18)\n    at Object.func [as .node] (node:electron/js2c/node_init:2:2441)\n    at Module.load (node:internal/modules/cjs/loader:1098:32)\n    at Module._load (node:internal/modules/cjs/loader:945:12)\n    at c._load (node:electron/js2c/node_init:2:13672)\n    at Module.require (node:internal/modules/cjs/loader:1122:19)\n    at require (node:internal/modules/helpers:130:18)\n    at bindings (/usr/lib/slack/resources/app.asar/node_modules/bindings/bindings.js:112:48)\n    at Object.<anonymous> (/usr/lib/slack/resources/app.asar/node_modules/@tinyspeck/huddles-desktop-utils/lib/index.js:1:34)",
    "message": "Module did not self-register: '/usr/lib/slack/resources/app.asar.unpacked/node_modules/@tinyspeck/huddles-desktop-utils/build/Release/CallsDesktopInterop.node'.",
    "code": "ERR_DLOPEN_FAILED"
  },
  "stackFrameString": "[{\"columnNumber\":2214,\"lineNumber\":2,\"fileName\":\"node:electron/js2c/node_init\",\"functionName\":\"process.func [as dlopen]\",\"source\":\"    at process.func [as dlopen] (node:electron/js2c/node_init:2:2214)\"},{\"columnNumber\":18,\"lineNumber\":1343,\"fileName\":\"node:internal/modules/cjs/loader\",\"functionName\":\"Module._extensions..node\",\"source\":\"    at Module._extensions..node (node:internal/modules/cjs/loader:1343:18)\"},{\"columnNumber\":2441,\"lineNumber\":2,\"fileName\":\"node:electron/js2c/node_init\",\"functionName\":\"Object.func [as .node]\",\"source\":\"    at Object.func [as .node] (node:electron/js2c/node_init:2:2441)\"},{\"columnNumber\":32,\"lineNumber\":1098,\"fileName\":\"node:internal/modules/cjs/loader\",\"functionName\":\"Module.load\",\"source\":\"    at Module.load (node:internal/modules/cjs/loader:1098:32)\"},{\"columnNumber\":12,\"lineNumber\":945,\"fileName\":\"node:internal/modules/cjs/loader\",\"functionName\":\"Module._load\",\"source\":\"    at Module._load (node:internal/modules/cjs/loader:945:12)\"},{\"columnNumber\":13672,\"lineNumber\":2,\"fileName\":\"node:electron/js2c/node_init\",\"functionName\":\"c._load\",\"source\":\"    at c._load (node:electron/js2c/node_init:2:13672)\"},{\"columnNumber\":19,\"lineNumber\":1122,\"fileName\":\"node:internal/modules/cjs/loader\",\"functionName\":\"Module.require\",\"source\":\"    at Module.require (node:internal/modules/cjs/loader:1122:19)\"},{\"columnNumber\":18,\"lineNumber\":130,\"fileName\":\"node:internal/modules/helpers\",\"functionName\":\"require\",\"source\":\"    at require (node:internal/modules/helpers:130:18)\"},{\"columnNumber\":48,\"lineNumber\":112,\"fileName\":\"/usr/lib/slack/resources/app.asar/node_modules/bindings/bindings.js\",\"functionName\":\"bindings\",\"source\":\"    at bindings (/usr/lib/slack/resources/app.asar/node_modules/bindings/bindings.js:112:48)\"},{\"columnNumber\":34,\"lineNumber\":1,\"fileName\":\"/usr/lib/slack/resources/app.asar/node_modules/@tinyspeck/huddles-desktop-utils/lib/index.js\",\"functionName\":\"Object.<anonymous>\",\"source\":\"    at Object.<anonymous> (/usr/lib/slack/resources/app.asar/node_modules/@tinyspeck/huddles-desktop-utils/lib/index.js:1:34)\"}]"
}
[04/11/24, 15:45:11:627] warn: Failed to install protocol handler for slack:// links 
[04/11/24, 15:45:11:631] warn: Couldn't get Linux distro info from lsb_release, trying fallback to get Linux distro info 
{
  "error": {
    "stack": "Error: Command failed: lsb_release -a --short\n/bin/sh: line 1: lsb_release: command not found\n\n    at ChildProcess.exithandler (node:child_process:422:12)\n    at ChildProcess.emit (node:events:514:28)\n    at ChildProcess.emit (node:domain:488:12)\n    at maybeClose (node:internal/child_process:1105:16)\n    at Socket.<anonymous> (node:internal/child_process:457:11)\n    at Socket.emit (node:events:514:28)\n    at Socket.emit (node:domain:488:12)\n    at Pipe.<anonymous> (node:net:337:12)",
    "message": "Command failed: lsb_release -a --short\n/bin/sh: line 1: lsb_release: command not found\n",
    "code": 127,
    "killed": false,
    "signal": null,
    "cmd": "lsb_release -a --short",
    "stdout": "",
    "stderr": "/bin/sh: line 1: lsb_release: command not found\n"
  },
  "stackFrameString": "[{\"columnNumber\":12,\"lineNumber\":422,\"fileName\":\"node:child_process\",\"functionName\":\"ChildProcess.exithandler\",\"source\":\"    at ChildProcess.exithandler (node:child_process:422:12)\"},{\"columnNumber\":28,\"lineNumber\":514,\"fileName\":\"node:events\",\"functionName\":\"ChildProcess.emit\",\"source\":\"    at ChildProcess.emit (node:events:514:28)\"},{\"columnNumber\":12,\"lineNumber\":488,\"fileName\":\"node:domain\",\"functionName\":\"ChildProcess.emit\",\"source\":\"    at ChildProcess.emit (node:domain:488:12)\"},{\"columnNumber\":16,\"lineNumber\":1105,\"fileName\":\"node:internal/child_process\",\"functionName\":\"maybeClose\",\"source\":\"    at maybeClose (node:internal/child_process:1105:16)\"},{\"columnNumber\":11,\"lineNumber\":457,\"fileName\":\"node:internal/child_process\",\"functionName\":\"Socket.<anonymous>\",\"source\":\"    at Socket.<anonymous> (node:internal/child_process:457:11)\"},{\"columnNumber\":28,\"lineNumber\":514,\"fileName\":\"node:events\",\"functionName\":\"Socket.emit\",\"source\":\"    at Socket.emit (node:events:514:28)\"},{\"columnNumber\":12,\"lineNumber\":488,\"fileName\":\"node:domain\",\"functionName\":\"Socket.emit\",\"source\":\"    at Socket.emit (node:domain:488:12)\"},{\"columnNumber\":12,\"lineNumber\":337,\"fileName\":\"node:net\",\"functionName\":\"Pipe.<anonymous>\",\"source\":\"    at Pipe.<anonymous> (node:net:337:12)\"}]"
}
[04/11/24, 15:45:11:643] info: getLinuxDistro: getos 
{
  "res": {
    "os": "linux",
    "dist": "Arch Linux"
  }
}
[04/11/24, 15:45:11:643] info: Store: READY 
{
  "resourcePath": "/usr/lib/slack/resources/app.asar",
  "tsaToken": "[REDACTED]",
  "bootFragments": [],
  "appVersion": "4.37.101",
  "is64Bit": true,
  "isGpuCompositionAvailable": true,
  "isTitleBarHidden": false,
  "platform": "linux",
  "platformVersion": {
    "major": 6,
    "minor": 8,
    "build": 2
  },
  "developerMenuOverride": false,
  "uuid": "15a607b1-15ce-4673-9c62-81871e70fcf1",
  "applicationProcessSessionId": "MTVhNjA3YjEtMTVjZS00NjczLTljNjItODE4NzFlNzBmY2YxXzE3MTI4MzA1MTE1ODg=",
  "distribution": "DDL",
  "clientEnvironment": 1000,
  "linux": {
    "os": "Arch Linux",
    "name": "Arch Linux ",
    "release": "",
    "codename": "",
    "desktopEnvironment": "i3"
  }
}
[04/11/24, 15:45:11:644] info: initializeApplicationEpic: trying to set ntlm credential domain for session 
{
  "sessionId": "PROD_DEFAULT_SESSION"
}
[04/11/24, 15:45:11:644] info: initializeApplicationEpic: Setting spellcheck dictionary URL 
{
  "dictionaryUrl": "https://spellcheck.slack-edge.com/dictionaries_v2/"
}
[04/11/24, 15:45:11:644] info: initializeApplicationEpic: Welcome to Slack 4.37.101 x64 
[04/11/24, 15:45:11:644] info: Breadcrumb: electron: powerMonitor.newListener 
[04/11/24, 15:45:11:645] info: AutoLoginEpic: Checking for autologin. 
[04/11/24, 15:45:11:646] info: getIsUpdateSupported: Updates are not supported 
{
  "version": "4.37.101",
  "reasons": [
    "using Linux"
  ],
  "distribution": "DDL",
  "executable": "/usr/lib/slack"
}
[04/11/24, 15:45:11:648] info: persistUuid:: Generated uuid 
{
  "uuid": "e9ba4750-02c8-49c8-8a65-8bcd22e07812"
}
[04/11/24, 15:45:11:648] info: persistUuid:: Uuid persisted successfully 
[04/11/24, 15:45:11:655] info: Store: SET_ACCESSIBILITY_SUPPORT_ENABLED 
[04/11/24, 15:45:11:655] info: Store: CREATE_WINDOW 
{
  "type": "main"
}
[04/11/24, 15:45:11:655] info: Store: UPDATE_SETTINGS 
{
  "isSignedIntoSlackOrg": false
}
[04/11/24, 15:45:11:658] info: initialSettingsPayload: trying to invalidate settings 
{
  "payload": {
    "launchOnStartup": false,
    "PrefSSBFileDownloadPath": "/home/[REDACTED]/Downloads",
    "PrefSSBFileDownloadPathDisplayName": "Downloads",
    "hasRunApp": true
  }
}
[04/11/24, 15:45:11:658] info: Store: UPDATE_SETTINGS 
{
  "launchOnStartup": false,
  "PrefSSBFileDownloadPath": "/home/[REDACTED]/Downloads",
  "PrefSSBFileDownloadPathDisplayName": "Downloads",
  "hasRunApp": true
}
[04/11/24, 15:45:11:659] info: Store: SET_UPDATE_SUPPORTED 
[04/11/24, 15:45:11:666] info: Store: TOKEN_FILE_PROCESSED 
[04/11/24, 15:45:11:667] info: AutoLoginEpic: Processing token file for autologin. 
[04/11/24, 15:45:11:667] info: AutoLoginEpic: Completed autologin processing — successfully logged in 0 workspaces. 
[04/11/24, 15:45:11:667] info: AutoLoginEpic: Setting default sign-in team to null 
[04/11/24, 15:45:11:667] info: Store: AUTOLOGIN_TEAMS_COMPLETE 
[04/11/24, 15:45:11:667] info: Store: UPDATE_SETTINGS 
{
  "defaultSigninTeam": null
}
[04/11/24, 15:45:11:678] info: Breadcrumb: electron: app.web-contents-created 
[04/11/24, 15:45:11:678] info: Breadcrumb: electron: app.browser-window-created 
[04/11/24, 15:45:11:694] info: MainWindowEpics: Setting main window ID 
{
  "id": 1
}
[04/11/24, 15:45:11:694] info: getSonicBaseURL: Booting into devEnv 
{
  "url": "https://app.slack.com"
}
[04/11/24, 15:45:11:697] info: Store: WINDOW_CREATED 
{
  "type": "main",
  "webappType": "app",
  "initialLoadURL": "https://app.slack.com/ssb/first?redir=%2Fssb%2Fclient",
  "id": 1,
  "frame": {
    "isHtmlFullScreen": false,
    "isCurrentlyAudible": false,
    "isFullScreen": false,
    "isMinimized": false,
    "isMaximized": false,
    "isVisible": false,
    "isFocused": false,
    "bounds": {
      "x": 140,
      "y": 660,
      "width": 800,
      "height": 600
    },
    "hasVibrancy": false
  }
}
[04/11/24, 15:45:11:699] info: Breadcrumb: electron: powerMonitor.newListener 
[04/11/24, 15:45:11:700] info: Breadcrumb: electron: powerMonitor.newListener 
[04/11/24, 15:45:11:700] info: Watching for keyboard layout changes 
[04/11/24, 15:45:11:702] info: Store: RECORD_PERFORMANCE_TIMING 
{
  "phase": 1,
  "interval": 112
}
[04/11/24, 15:45:11:702] info: Store: UPDATE_SETTINGS 
{
  "keyboardLayout": "us"
}
[04/11/24, 15:45:11:703] info: getSonicBaseURL: Booting into devEnv 
{
  "url": "https://app.slack.com"
}
[04/11/24, 15:45:11:708] info: registerLifeCycleEvents: Registering webContents:1 
[04/11/24, 15:45:11:708] info: registerLifeCycleEvents: webContents:1 is type 'app' 
[04/11/24, 15:45:11:708] info: Store: UPSERT_WEB_CONTENTS 
{
  "id": 1,
  "state": "unloaded",
  "type": "app"
}
[04/11/24, 15:45:11:713] info: System configuration information 
{
  "info": {
    "total_memory_in_gb": 16,
    "gpuFeatures": {
      "2d_canvas": "disabled_software",
      "canvas_oop_rasterization": "disabled_off",
      "direct_rendering_display_compositor": "disabled_off_ok",
      "gpu_compositing": "disabled_software",
      "multiple_raster_threads": "enabled_on",
      "opengl": "disabled_off",
      "rasterization": "disabled_software",
      "raw_draw": "disabled_off_ok",
      "skia_graphite": "disabled_off",
      "video_decode": "disabled_software",
      "video_encode": "disabled_software",
      "vulkan": "disabled_off",
      "webgl": "disabled_off",
      "webgl2": "disabled_off",
      "webgpu": "disabled_off"
    },
    "cpu_model": "Intel(R) Core(TM) i5-8600K CPU @ 3.60GHz",
    "cpu_logical_core": 6,
    "cpu_clock_speed": 4499,
    "gpuDevice": [
      {
        "active": true,
        "cudaComputeCapabilityMajor": 0,
        "deviceId": 7171,
        "driverVendor": "Nvidia",
        "driverVersion": "550.67",
        "gpuPreference": 0,
        "vendorId": 4318
      }
    ],
    "machine_model_name": "unknown",
    "machine_model_version": "unknown",
    "crash_db_size_kb": 1
  }
}
[04/11/24, 15:45:11:766] info: Breadcrumb: electron: app.gpu-info-update 
[04/11/24, 15:45:12:042] info: Breadcrumb: electron.net: undefined 
{
  "url": "https://app.slack.com/api/desktop.features",
  "method": "GET",
  "status_code": 200
}
[04/11/24, 15:45:12:050] info: Feature Check: received experiments 
{
  "ok": true,
  "experiments": []
}
[04/11/24, 15:45:12:071] info: Finished download of spellcheck dictionary 
{
  "code": "en-US"
}
[04/11/24, 15:45:12:079] info: Spellcheck dictionary initialized 
{
  "code": "en-US"
}
[04/11/24, 15:45:12:706] info: Store: SET_WINDOW_FRAME 
{
  "id": 1,
  "frame": {
    "bounds": {
      "x": 1528,
      "y": 485,
      "width": 1024,
      "height": 768
    },
    "isMaximized": false
  },
  "fromEvent": true
}
[04/11/24, 15:45:12:707] info: Store: SET_WINDOW_FRAME 
{
  "id": 1,
  "frame": {
    "bounds": {
      "x": 1528,
      "y": 485,
      "width": 1024,
      "height": 768
    },
    "isMaximized": false
  },
  "fromEvent": true
}
[04/11/24, 15:45:12:928] info: Store: UPDATE_SETTINGS 
{
  "userTheme": "light"
}
[04/11/24, 15:45:12:930] info: Store: UPDATE_SETTINGS 
{
  "systemThemeSyncEnabled": false
}
[04/11/24, 15:45:13:086] info: Breadcrumb: electron: renderer.dom-ready 
{
  "id": 1,
  "url": "https://app.slack.com/ssb/first?redir=%2Fssb%2Fclient"
}
[04/11/24, 15:45:13:086] info: registerLifeCycleEvents: webContents:1 from 'unloaded' to 'loaded' took 1378 ms 
[04/11/24, 15:45:13:086] info: Store: UPSERT_WEB_CONTENTS 
{
  "id": 1,
  "state": "loaded"
}
[04/11/24, 15:45:13:087] info: initializeMainWindowEpic: Showing main window 
{
  "maximized": false,
  "shouldHide": false,
  "fullScreen": false
}
[04/11/24, 15:45:13:088] info: Breadcrumb: electron: window.show 
{
  "id": 1,
  "url": "https://app.slack.com/ssb/first?redir=%2Fssb%2Fclient"
}
[04/11/24, 15:45:13:088] info: Store: RECORD_PERFORMANCE_TIMING 
{
  "phase": 2,
  "interval": 1388
}
[04/11/24, 15:45:13:089] info: Store: SET_WINDOW_FRAME 
{
  "id": 1,
  "frame": {
    "isVisible": true
  },
  "fromEvent": true
}
[04/11/24, 15:45:13:089] info: Store: MAIN_WINDOW_SHOWN 
[04/11/24, 15:45:13:091] info: Store: UPDATE_SETTINGS 
{
  "mainWindowSettings": {
    "fullScreen": false,
    "maximized": false,
    "bounds": {
      "x": 1528,
      "y": 485,
      "width": 1024,
      "height": 768
    }
  }
}
[04/11/24, 15:45:13:091] info: Store: CLEAR_NOTIFICATIONS 
[04/11/24, 15:45:13:095] info: waitAuthCookieChange: waiting for auth change for session 
{
  "sessionId": "PROD_DEFAULT_SESSION"
}
[04/11/24, 15:45:13:097] info: Permission check granted: 
{
  "isMainFrame": true,
  "permission": "background-sync",
  "requestingOrigin": "https://app.slack.com/",
  "requestingUrl": "https://app.slack.com/ssb/first?redir=%2Fssb%2Fclient",
  "securityOrigin": null
}
[04/11/24, 15:45:13:097] info: Breadcrumb: electron: window.focus 
{
  "id": 1,
  "url": "https://app.slack.com/ssb/first?redir=%2Fssb%2Fclient"
}
[04/11/24, 15:45:13:098] info: Breadcrumb: electron: app.browser-window-focus 
[04/11/24, 15:45:13:098] info: Store: SET_WINDOW_FRAME 
{
  "id": 1,
  "frame": {
    "isFocused": true
  },
  "fromEvent": true
}
[04/11/24, 15:45:13:106] info: Breadcrumb: electron: window.ready-to-show 
{
  "id": 1,
  "url": "https://app.slack.com/ssb/first?redir=%2Fssb%2Fclient"
}
[04/11/24, 15:45:13:124] info: registerLifeCycleEvents: webContents:1 is type 'app' 
[04/11/24, 15:45:13:125] info: Store: UPSERT_WEB_CONTENTS 
{
  "id": 1,
  "type": "app",
  "history": "[REDACTED]"
}
[04/11/24, 15:45:13:128] info: Store: SET_WINDOW_FRAME 
{
  "id": 1,
  "frame": {
    "isVisible": true,
    "isFocused": true
  },
  "fromEvent": true
}
[04/11/24, 15:45:13:395] info: Store: SET_NETWORK_STATUS online
[04/11/24, 15:45:14:098] info: Store: SET_WINDOW_FRAME 
{
  "id": 1,
  "frame": {
    "bounds": {
      "x": 1,
      "y": 1,
      "width": 1078,
      "height": 1918
    },
    "isMaximized": false
  },
  "fromEvent": true
}
[04/11/24, 15:45:14:100] info: Main window moved to display 
{
  "id": 6
}
[04/11/24, 15:45:14:101] info: Store: SET_WINDOW_FRAME 
{
  "id": 1,
  "frame": {
    "bounds": {
      "x": 1,
      "y": 1,
      "width": 1078,
      "height": 1918
    },
    "isMaximized": false
  },
  "fromEvent": true
}
[04/11/24, 15:45:14:165] info: Store: UPDATE_SETTINGS 
{
  "mainWindowSettings": {
    "fullScreen": false,
    "maximized": false,
    "bounds": {
      "x": 1,
      "y": 1,
      "width": 1078,
      "height": 1918
    }
  }
}
[04/11/24, 15:45:15:840] info: actionForExternalWindowURL: Opening external window 
[04/11/24, 15:45:15:845] info: openExternal: Successfully opened external URL 
{
  "protocol": "https:",
  "trigger": 0
}
[04/11/24, 15:45:16:107] info: Breadcrumb: electron: window.blur 
{
  "id": 1,
  "url": "https://app.slack.com/ssb/first?redir=%2Fssb%2Fclient"
}
[04/11/24, 15:45:16:108] info: Breadcrumb: electron: app.browser-window-blur 
[04/11/24, 15:45:16:108] info: Store: SET_WINDOW_FRAME 
{
  "id": 1,
  "frame": {
    "isFocused": false
  },
  "fromEvent": true
}
[04/11/24, 15:45:16:581] info: Store: persist/FLUSH 
[04/11/24, 15:45:42:540] info: Breadcrumb: electron: app.second-instance 
[04/11/24, 15:45:42:540] info: secondInstanceEpic: Received deep link protocol activation 
[04/11/24, 15:45:42:541] info: Store: HANDLE_DEEP_LINK 
{
  "url": "slack://T6963A864/magic-login/6969444278576-c4b65a8de2fc48d13e7c727e463a0b32caf0fe364a8ca8d6bda87bc9b651ac03/T04CQFUCW64/magic-login/6946655837410-5c220ffda3b47d91c62894a745fd41f4c0e9675400637ccc43860884228e6fd4?id=1"
}
[04/11/24, 15:45:42:543] info: Breadcrumb: electron: app.web-contents-created 
[04/11/24, 15:45:42:543] info: Breadcrumb: electron: app.browser-window-created 
[04/11/24, 15:45:42:543] info: MagicLogin: Making magic login API request to https://app.slack.com/api/ 
[04/11/24, 15:45:42:545] info: Store: FOCUS_WINDOW 
[04/11/24, 15:45:42:545] info: Store: MAGIC_LOGIN_IN_PROGRESS true
[04/11/24, 15:45:42:548] info: registerLifeCycleEvents: Registering webContents:2 
[04/11/24, 15:45:42:548] info: Store: UPSERT_WEB_CONTENTS 
{
  "id": 2,
  "state": "unloaded"
}
[04/11/24, 15:45:42:552] info: Breadcrumb: electron: window.focus 
{
  "id": 1,
  "url": "https://app.slack.com/ssb/first?redir=%2Fssb%2Fclient"
}
[04/11/24, 15:45:42:553] info: Breadcrumb: electron: app.browser-window-focus 
[04/11/24, 15:45:42:553] info: Store: SET_WINDOW_FRAME 
{
  "id": 1,
  "frame": {
    "isFocused": true
  },
  "fromEvent": true
}
[04/11/24, 15:45:43:190] info: authCookieBreadcrumb: change to auth cookie 
{
  "sessionId": "PROD_DEFAULT_SESSION",
  "cause": "explicit",
  "removed": false,
  "cookie_name": "d",
  "domain": ".slack.com",
  "expiration": 1747390543.189401
}
[04/11/24, 15:45:43:200] info: Store: UPSERT_WEB_CONTENTS 
{
  "id": 1,
  "history": "[REDACTED]"
}
[04/11/24, 15:45:43:261] info: Breadcrumb: electron: renderer.dom-ready 
{
  "id": 2,
  "url": "https://app.slack.com/api/auth.loginMagicBulk?magic_tokens=z-app-T6963A864-6969444278576-c4b65a8de2fc48d13e7c727e463a0b32caf0fe364a8ca8d6bda87bc9b651ac03,z-app-T04CQFUCW64-6946655837410-5c220ffda3b47d91c62894a745fd41f4c0e9675400637ccc43860884228e6fd4&ssb=1"
}
[04/11/24, 15:45:43:261] info: registerLifeCycleEvents: webContents:2 from 'unloaded' to 'loaded' took 713 ms 
[04/11/24, 15:45:43:261] info: Store: UPSERT_WEB_CONTENTS 
{
  "id": 2,
  "state": "loaded"
}
[04/11/24, 15:45:43:264] info: registerLifeCycleEvents: webContents:2 is type 'auth' 
[04/11/24, 15:45:43:264] info: Store: UPSERT_WEB_CONTENTS 
{
  "id": 2,
  "type": "auth",
  "history": "[REDACTED]"
}
[04/11/24, 15:45:43:269] info: Breadcrumb: electron: window.close 
{
  "id": 2,
  "url": "https://app.slack.com/api/auth.loginMagicBulk?magic_tokens=z-app-T6963A864-6969444278576-c4b65a8de2fc48d13e7c727e463a0b32caf0fe364a8ca8d6bda87bc9b651ac03,z-app-T04CQFUCW64-6946655837410-5c220ffda3b47d91c62894a745fd41f4c0e9675400637ccc43860884228e6fd4&ssb=1"
}
[04/11/24, 15:45:43:269] info: registerLifeCycleEvents: webContents:2 from 'loaded' to 'page-closed' took 5 ms 
[04/11/24, 15:45:43:269] info: Store: UPSERT_WEB_CONTENTS 
{
  "id": 2,
  "state": "page-closed"
}
[04/11/24, 15:45:43:270] info: Store: MAGIC_LOGIN_IN_PROGRESS 
[04/11/24, 15:45:43:272] info: Breadcrumb: electron: renderer.destroyed 
{
  "id": 2,
  "url": "https://app.slack.com/api/auth.loginMagicBulk?magic_tokens=z-app-T6963A864-6969444278576-c4b65a8de2fc48d13e7c727e463a0b32caf0fe364a8ca8d6bda87bc9b651ac03,z-app-T04CQFUCW64-6946655837410-5c220ffda3b47d91c62894a745fd41f4c0e9675400637ccc43860884228e6fd4&ssb=1"
}
[04/11/24, 15:45:43:272] info: Store: REMOVE_WEB_CONTENTS 
{
  "id": 2
}
[04/11/24, 15:45:43:276] info: Breadcrumb: electron: window.closed 
{
  "id": 2,
  "url": "https://app.slack.com/api/auth.loginMagicBulk?magic_tokens=z-app-T6963A864-6969444278576-c4b65a8de2fc48d13e7c727e463a0b32caf0fe364a8ca8d6bda87bc9b651ac03,z-app-T04CQFUCW64-6946655837410-5c220ffda3b47d91c62894a745fd41f4c0e9675400637ccc43860884228e6fd4&ssb=1"
}
[04/11/24, 15:45:44:085] info: Breadcrumb: electron: renderer.dom-ready 
{
  "id": 1,
  "url": "https://app.slack.com/client"
}
[04/11/24, 15:45:44:085] info: registerLifeCycleEvents: webContents:1 from 'loaded' to 'loaded' took 886 ms 
[04/11/24, 15:45:44:086] info: Store: UPSERT_WEB_CONTENTS 
{
  "id": 1,
  "state": "loaded"
}
[04/11/24, 15:45:44:219] info: Breadcrumb: electron: window.ready-to-show 
{
  "id": 1,
  "url": "https://app.slack.com/client"
}
[04/11/24, 15:45:44:563] info: Permission check granted: 
{
  "isMainFrame": true,
  "permission": "background-sync",
  "requestingOrigin": "https://app.slack.com/",
  "requestingUrl": "https://app.slack.com/client",
  "securityOrigin": null
}
[04/11/24, 15:45:44:900] info: Store: SET_NETWORK_STATUS online
[04/11/24, 15:45:45:226] info: Breadcrumb: electron: window.blur 
{
  "id": 1,
  "url": "https://app.slack.com/client"
}
[04/11/24, 15:45:45:226] info: Breadcrumb: electron: app.browser-window-blur 
[04/11/24, 15:45:45:226] info: Store: SET_WINDOW_FRAME 
{
  "id": 1,
  "frame": {
    "isFocused": false
  },
  "fromEvent": true
}
[04/11/24, 15:45:45:318] info: Store: UPDATE_SETTINGS 
{
  "userTheme": "light"
}
[04/11/24, 15:45:45:319] info: Store: UPDATE_SETTINGS 
{
  "systemThemeSyncEnabled": true
}
[04/11/24, 15:45:45:423] info: waitAuthCookieChange: waiting for auth change for session 
{
  "sessionId": "PROD_DEFAULT_SESSION"
}
[04/11/24, 15:45:45:752] info: Store: SELECTION_CHANGED T6963A864
[04/11/24, 15:45:48:039] info: Store: REDUX_UPDATE_FROM_WEBAPP (T6963A864) Changed keys [theme,notificationPrefs,connectivityPrefs,featureFlags,unreads,locale,version,userId]
[04/11/24, 15:45:48:046] info: Store: REDUX_UPDATE_FROM_WEBAPP (T6963A864) Changed keys [featureFlags,userId]
[04/11/24, 15:45:48:050] info: Store: REDUX_UPDATE_FROM_WEBAPP (T6963A864) Changed keys [theme,notificationPrefs,unreads]
[04/11/24, 15:45:48:051] info: Store: REDUX_UPDATE_FROM_WEBAPP (T6963A864) Changed keys [connectivityPrefs]
[04/11/24, 15:45:48:098] info: Store: REDUX_UPDATE_FROM_WEBAPP (T6963A864) Changed keys [unreads]
[04/11/24, 15:45:48:107] info: Store: STORE_USER_WORKSPACES 
{
  "userTeamId": "T6963A864",
  "workspaceIds": [
    "T6963A864"
  ]
}
[04/11/24, 15:45:48:113] info: Store: SELECTION_CHANGED T6963A864
[04/11/24, 15:45:48:244] info: Store: EXTEND_MENU global: menucategory-file,menucategory-view,menucategory-jump-to
[04/11/24, 15:45:48:249] info: Store: EXTEND_MENU T6963A864: menucategory-file,menucategory-view,menucategory-edit,menucategory-help
[04/11/24, 15:45:48:303] info: Store: EXTEND_MENU global: menucategory-file,menucategory-view,menucategory-jump-to
[04/11/24, 15:45:49:342] info: Store: REDUX_UPDATE_FROM_WEBAPP (T04CQFUCW64) Changed keys [theme,notificationPrefs,connectivityPrefs,featureFlags,unreads,locale,version,userId]
[04/11/24, 15:45:49:627] info: Breadcrumb: electron: window.focus 
{
  "id": 1,
  "url": "https://app.slack.com/client/T6963A864/C69RB18LA"
}
[04/11/24, 15:45:49:627] info: Breadcrumb: electron: app.browser-window-focus 
[04/11/24, 15:45:49:628] info: Store: SET_WINDOW_FRAME 
{
  "id": 1,
  "frame": {
    "isFocused": true
  },
  "fromEvent": true
}
[04/11/24, 15:45:50:323] info: Store: REDUX_UPDATE_FROM_WEBAPP (T04CQFUCW64) Changed keys [featureFlags,userId]
[04/11/24, 15:45:50:327] info: Store: REDUX_UPDATE_FROM_WEBAPP (T04CQFUCW64) Changed keys [notificationPrefs,unreads]
[04/11/24, 15:45:50:328] info: Store: REDUX_UPDATE_FROM_WEBAPP (T04CQFUCW64) Changed keys [connectivityPrefs]
[04/11/24, 15:45:50:402] info: Store: REDUX_UPDATE_FROM_WEBAPP (T04CQFUCW64) Changed keys [unreads]
[04/11/24, 15:45:50:403] info: Store: STORE_USER_WORKSPACES 
{
  "userTeamId": "T04CQFUCW64",
  "workspaceIds": [
    "T04CQFUCW64"
  ]
}
[04/11/24, 15:45:50:409] info: Store: SELECTION_CHANGED T6963A864
[04/11/24, 15:45:50:504] info: Store: SYNC Synced 2 workspaces with IDs [T6963A864,T04CQFUCW64]
[04/11/24, 15:45:50:512] info: registerLifeCycleEvents: webContents:1 from 'loaded' to 'webapp-loaded' took 6427 ms 
[04/11/24, 15:45:50:512] info: Store: UPSERT_WEB_CONTENTS 
{
  "id": 1,
  "state": "webapp-loaded"
}
[04/11/24, 15:45:50:515] info: Store: RECORD_PERFORMANCE_TIMING 
{
  "phase": 3,
  "interval": 37428
}
[04/11/24, 15:45:50:518] info: registerLifeCycleEvents: webContents:1 from 'webapp-loaded' to 'webapp-loaded' took 6 ms 
[04/11/24, 15:45:50:522] info: Store: UPSERT_WEB_CONTENTS 
{
  "id": 1,
  "state": "webapp-loaded"
}
[04/11/24, 15:45:50:576] info: Store: REDUX_UPDATE_FROM_WEBAPP (T6963A864) Changed keys [unreads]
[04/11/24, 15:45:50:593] info: Store: REDUX_UPDATE_FROM_WEBAPP (T6963A864) Changed keys [unreads]
[04/11/24, 15:45:53:244] info: Permission check granted: 
{
  "isMainFrame": true,
  "permission": "media",
  "requestingOrigin": "https://app.slack.com/client/T6963A864/C69RB18LA",
  "requestingUrl": "https://app.slack.com/client/T6963A864/C69RB18LA",
  "securityOrigin": "https://app.slack.com/",
  "mediaType": "audio"
}
[04/11/24, 15:45:53:244] info: Permission check granted: 
{
  "isMainFrame": true,
  "permission": "media",
  "requestingOrigin": "https://app.slack.com/client/T6963A864/C69RB18LA",
  "requestingUrl": "https://app.slack.com/client/T6963A864/C69RB18LA",
  "securityOrigin": "https://app.slack.com/",
  "mediaType": "audio"
}
[04/11/24, 15:45:53:303] info: Store: EXTEND_MENU T6963A864: menucategory-file,menucategory-view,menucategory-edit,menucategory-help
[04/11/24, 15:45:55:506] info: Store: persist/FLUSH 
[04/11/24, 15:46:11:646] info: Store: UPDATE_SETTINGS 
{
  "lastClogForProxyInfo": 1712830571646
}
[04/11/24, 15:46:21:891] info: Breadcrumb: electron.net: undefined 
{
  "url": "https://app.slack.com/clog/track/",
  "method": "POST",
  "status_code": 200
}
[04/11/24, 15:46:22:156] info: Breadcrumb: electron.net: undefined 
{
  "url": "https://app.slack.com/clog/track/",
  "method": "POST",
  "status_code": 200
}
[04/11/24, 15:46:23:265] info: Permission check granted: 
{
  "isMainFrame": false,
  "permission": "background-sync",
  "requestingOrigin": "https://app.slack.com/",
  "requestingUrl": null,
  "securityOrigin": null
}
[04/11/24, 15:46:26:255] info: Store: REDUX_UPDATE_FROM_WEBAPP (T6963A864) Changed keys [unreads]
[04/11/24, 15:46:52:944] info: Breadcrumb: electron: window.close 
{
  "id": 1,
  "url": "https://app.slack.com/client/T6963A864/D05267JU0SV"
}
[04/11/24, 15:46:52:945] info: Attempted to close the window, hiding due to run from tray 
[04/11/24, 15:46:52:945] info: Breadcrumb: electron: window.hide 
{
  "id": 1,
  "url": "https://app.slack.com/client/T6963A864/D05267JU0SV"
}
[04/11/24, 15:46:52:945] info: Store: SET_WINDOW_FRAME 
{
  "id": 1,
  "frame": {
    "isVisible": false
  },
  "fromEvent": true
}
[04/11/24, 15:46:52:946] info: Store: UPDATE_SETTINGS 
{
  "hasRunFromTray": true
}
[04/11/24, 15:46:52:947] info: Store: SHOW_TRAY_BALLOON 
{
  "title": "Why didn’t Slack quit?",
  "content": "Slack’s set to stay running in the notification area. To change this, visit Preferences > Advanced."
}
[04/11/24, 15:46:52:947] info: Tray Handler: Showing a tray balloon with title: Why didn’t Slack quit? 
[04/11/24, 15:46:52:953] info: Breadcrumb: electron: window.blur 
{
  "id": 1,
  "url": "https://app.slack.com/client/T6963A864/D05267JU0SV"
}
[04/11/24, 15:46:52:953] info: Breadcrumb: electron: app.browser-window-blur 
[04/11/24, 15:46:52:953] info: Store: SET_WINDOW_FRAME 
{
  "id": 1,
  "frame": {
    "isFocused": false
  },
  "fromEvent": true
}
[04/11/24, 16:01:13:662] info: Store: SET_SYSTEM_IDLE idle
[04/11/24, 16:01:43:676] info: Store: SET_SYSTEM_IDLE active
[04/11/24, 16:02:53:707] info: Store: SET_SYSTEM_IDLE idle
[04/11/24, 16:03:03:710] info: Store: SET_SYSTEM_IDLE active
[04/11/24, 16:04:23:755] info: Store: SET_SYSTEM_IDLE idle
[04/11/24, 16:04:53:776] info: Store: SET_SYSTEM_IDLE active
[04/11/24, 16:05:23:789] info: Store: SET_SYSTEM_IDLE idle
[04/11/24, 16:07:13:863] info: Store: SET_SYSTEM_IDLE active
[04/11/24, 16:14:54:179] info: Store: SET_SYSTEM_IDLE idle
[04/11/24, 16:15:04:182] info: Store: SET_SYSTEM_IDLE active
[04/11/24, 16:15:54:209] info: Store: SET_SYSTEM_IDLE idle
[04/11/24, 16:16:04:212] info: Store: SET_SYSTEM_IDLE active
[04/11/24, 16:17:44:282] info: Store: SET_SYSTEM_IDLE idle
[04/11/24, 16:19:14:336] info: Store: SET_SYSTEM_IDLE active
[04/11/24, 16:19:34:346] info: Store: SET_SYSTEM_IDLE idle
[04/11/24, 16:44:15:366] info: Store: SET_SYSTEM_IDLE active
[04/11/24, 16:45:11:602] info: Feature Check: requesting features from https://app.slack.com/api/ 
[04/11/24, 16:45:11:986] info: Breadcrumb: electron.net: undefined 
{
  "url": "https://app.slack.com/api/desktop.features",
  "method": "GET",
  "status_code": 200
}
[04/11/24, 16:45:11:992] info: Feature Check: received experiments 
{
  "ok": true,
  "experiments": [
    {
      "experiment": "ripcord_screen_capture_kit",
      "enable_chrome_features": [
        "ScreenCaptureKitMac"
      ],
      "type": "normal"
    }
  ]
}
[04/11/24, 16:48:25:535] info: Store: SET_SYSTEM_IDLE idle
[04/11/24, 16:48:35:535] info: Store: SET_SYSTEM_IDLE active
[04/11/24, 16:49:05:554] info: Store: SET_SYSTEM_IDLE idle
[04/11/24, 16:49:45:579] info: Store: SET_SYSTEM_IDLE active
[04/11/24, 16:53:05:705] info: Store: SET_SYSTEM_IDLE idle
[04/11/24, 16:53:35:726] info: Store: SET_SYSTEM_IDLE active
[04/11/24, 16:54:25:755] info: Store: SET_SYSTEM_IDLE idle
[04/11/24, 16:54:55:776] info: Store: SET_SYSTEM_IDLE active
[04/11/24, 16:56:35:825] info: Store: SET_SYSTEM_IDLE idle
[04/11/24, 16:56:45:829] info: Store: SET_SYSTEM_IDLE active
[04/11/24, 16:57:15:839] info: Store: SET_SYSTEM_IDLE idle
[04/11/24, 16:57:55:863] info: Store: SET_SYSTEM_IDLE active
[04/11/24, 16:58:25:878] info: Store: SET_SYSTEM_IDLE idle
[04/11/24, 16:59:45:936] info: Store: SET_SYSTEM_IDLE active
[04/11/24, 17:07:46:272] info: Store: SET_SYSTEM_IDLE idle
[04/11/24, 17:08:16:283] info: Store: SET_SYSTEM_IDLE active
[04/11/24, 17:09:16:322] info: Store: SET_SYSTEM_IDLE idle
[04/11/24, 17:09:46:347] info: Store: SET_SYSTEM_IDLE active
[04/11/24, 17:10:26:362] info: Store: SET_SYSTEM_IDLE idle
[04/11/24, 17:11:16:396] info: Store: SET_SYSTEM_IDLE active
[04/11/24, 17:11:36:399] info: Store: SET_SYSTEM_IDLE idle
[04/11/24, 17:12:06:417] info: Store: SET_SYSTEM_IDLE active
[04/11/24, 17:13:06:455] info: Store: SET_SYSTEM_IDLE idle
[04/11/24, 17:16:46:615] info: Store: SET_SYSTEM_IDLE active
[04/11/24, 17:31:17:232] info: Store: SET_SYSTEM_IDLE idle
[04/11/24, 17:37:47:506] info: Store: SET_SYSTEM_IDLE active
[04/11/24, 17:39:07:566] info: Store: SET_SYSTEM_IDLE idle
[04/11/24, 17:41:47:683] info: Store: SET_SYSTEM_IDLE active
[04/11/24, 17:45:11:607] info: Feature Check: requesting features from https://app.slack.com/api/ 
[04/11/24, 17:45:11:940] info: authCookieBreadcrumb: change to auth cookie 
{
  "sessionId": "PROD_DEFAULT_SESSION",
  "cause": "overwrite",
  "removed": true,
  "cookie_name": "d",
  "domain": ".slack.com",
  "expiration": 1747390543.189401
}
[04/11/24, 17:45:11:941] info: authCookieBreadcrumb: change to auth cookie 
{
  "sessionId": "PROD_DEFAULT_SESSION",
  "cause": "explicit",
  "removed": false,
  "cookie_name": "d",
  "domain": ".slack.com",
  "expiration": 1747397711.940631
}
[04/11/24, 17:45:11:941] info: Breadcrumb: electron.net: undefined 
{
  "url": "https://app.slack.com/api/desktop.features",
  "method": "GET",
  "status_code": 200
}
[04/11/24, 17:45:11:942] info: Feature Check: received experiments 
{
  "ok": true,
  "experiments": [
    {
      "experiment": "ripcord_screen_capture_kit",
      "enable_chrome_features": [
        "ScreenCaptureKitMac"
      ],
      "type": "normal"
    }
  ]
}
[04/11/24, 17:47:47:944] info: Store: SET_SYSTEM_IDLE idle
[04/11/24, 18:45:11:608] info: Feature Check: requesting features from https://app.slack.com/api/ 
[04/11/24, 18:45:11:903] info: Breadcrumb: electron.net: undefined 
{
  "url": "https://app.slack.com/api/desktop.features",
  "method": "GET",
  "status_code": 200
}
[04/11/24, 18:45:11:907] info: Feature Check: received experiments 
{
  "ok": true,
  "experiments": [
    {
      "experiment": "ripcord_screen_capture_kit",
      "enable_chrome_features": [
        "ScreenCaptureKitMac"
      ],
      "type": "normal"
    }
  ]
}
[04/11/24, 19:01:04:977] info: authCookieBreadcrumb: change to auth cookie 
{
  "sessionId": "PROD_DEFAULT_SESSION",
  "cause": "overwrite",
  "removed": true,
  "cookie_name": "d",
  "domain": ".slack.com",
  "expiration": 1747397711.940631
}
[04/11/24, 19:01:04:978] info: authCookieBreadcrumb: change to auth cookie 
{
  "sessionId": "PROD_DEFAULT_SESSION",
  "cause": "explicit",
  "removed": false,
  "cookie_name": "d",
  "domain": ".slack.com",
  "expiration": 1747402264.976278
}
[04/11/24, 19:45:11:614] info: Feature Check: requesting features from https://app.slack.com/api/ 
[04/11/24, 19:45:12:062] info: Breadcrumb: electron.net: undefined 
{
  "url": "https://app.slack.com/api/desktop.features",
  "method": "GET",
  "status_code": 200
}
[04/11/24, 19:45:12:066] info: Feature Check: received experiments 
{
  "ok": true,
  "experiments": [
    {
      "experiment": "ripcord_screen_capture_kit",
      "enable_chrome_features": [
        "ScreenCaptureKitMac"
      ],
      "type": "normal"
    }
  ]
}
[04/11/24, 20:38:41:009] info: authCookieBreadcrumb: change to auth cookie 
{
  "sessionId": "PROD_DEFAULT_SESSION",
  "cause": "overwrite",
  "removed": true,
  "cookie_name": "d",
  "domain": ".slack.com",
  "expiration": 1747402264.976278
}
[04/11/24, 20:38:41:010] info: authCookieBreadcrumb: change to auth cookie 
{
  "sessionId": "PROD_DEFAULT_SESSION",
  "cause": "explicit",
  "removed": false,
  "cookie_name": "d",
  "domain": ".slack.com",
  "expiration": 1747408121.008774
}
[04/11/24, 20:45:11:622] info: Feature Check: requesting features from https://app.slack.com/api/ 
[04/11/24, 20:45:11:958] info: Breadcrumb: electron.net: undefined 
{
  "url": "https://app.slack.com/api/desktop.features",
  "method": "GET",
  "status_code": 200
}
[04/11/24, 20:45:11:963] info: Feature Check: received experiments 
{
  "ok": true,
  "experiments": [
    {
      "experiment": "ripcord_screen_capture_kit",
      "enable_chrome_features": [
        "ScreenCaptureKitMac"
      ],
      "type": "normal"
    }
  ]
}
[04/11/24, 21:45:11:626] info: Feature Check: requesting features from https://app.slack.com/api/ 
[04/11/24, 21:45:11:982] info: authCookieBreadcrumb: change to auth cookie 
{
  "sessionId": "PROD_DEFAULT_SESSION",
  "cause": "overwrite",
  "removed": true,
  "cookie_name": "d",
  "domain": ".slack.com",
  "expiration": 1747408121.008774
}
[04/11/24, 21:45:11:983] info: authCookieBreadcrumb: change to auth cookie 
{
  "sessionId": "PROD_DEFAULT_SESSION",
  "cause": "explicit",
  "removed": false,
  "cookie_name": "d",
  "domain": ".slack.com",
  "expiration": 1747412111.981844
}
[04/11/24, 21:45:11:985] info: Breadcrumb: electron.net: undefined 
{
  "url": "https://app.slack.com/api/desktop.features",
  "method": "GET",
  "status_code": 200
}
[04/11/24, 21:45:11:990] info: Feature Check: received experiments 
{
  "ok": true,
  "experiments": [
    {
      "experiment": "ripcord_screen_capture_kit",
      "enable_chrome_features": [
        "ScreenCaptureKitMac"
      ],
      "type": "normal"
    }
  ]
}
[04/11/24, 22:16:16:983] info: authCookieBreadcrumb: change to auth cookie 
{
  "sessionId": "PROD_DEFAULT_SESSION",
  "cause": "overwrite",
  "removed": true,
  "cookie_name": "d",
  "domain": ".slack.com",
  "expiration": 1747412111.981844
}
[04/11/24, 22:16:16:984] info: authCookieBreadcrumb: change to auth cookie 
{
  "sessionId": "PROD_DEFAULT_SESSION",
  "cause": "explicit",
  "removed": false,
  "cookie_name": "d",
  "domain": ".slack.com",
  "expiration": 1747413976.983504
}
[04/11/24, 22:45:11:629] info: Feature Check: requesting features from https://app.slack.com/api/ 
[04/11/24, 22:45:11:965] info: Breadcrumb: electron.net: undefined 
{
  "url": "https://app.slack.com/api/desktop.features",
  "method": "GET",
  "status_code": 200
}
[04/11/24, 22:45:11:970] info: Feature Check: received experiments 
{
  "ok": true,
  "experiments": [
    {
      "experiment": "ripcord_screen_capture_kit",
      "enable_chrome_features": [
        "ScreenCaptureKitMac"
      ],
      "type": "normal"
    }
  ]
}
[04/11/24, 23:37:33:613] info: Store: SET_SYSTEM_IDLE active
[04/11/24, 23:37:53:621] info: Store: SET_SYSTEM_IDLE idle
[04/11/24, 23:38:53:652] info: Store: SET_SYSTEM_IDLE active
[04/11/24, 23:39:13:654] info: Store: SET_SYSTEM_IDLE idle
[04/11/24, 23:44:13:818] info: Store: SET_SYSTEM_IDLE active
[04/11/24, 23:44:33:828] info: Store: SET_SYSTEM_IDLE idle
[04/11/24, 23:45:11:637] info: Feature Check: requesting features from https://app.slack.com/api/ 
[04/11/24, 23:45:11:902] info: authCookieBreadcrumb: change to auth cookie 
{
  "sessionId": "PROD_DEFAULT_SESSION",
  "cause": "overwrite",
  "removed": true,
  "cookie_name": "d",
  "domain": ".slack.com",
  "expiration": 1747413976.983504
}
[04/11/24, 23:45:11:903] info: authCookieBreadcrumb: change to auth cookie 
{
  "sessionId": "PROD_DEFAULT_SESSION",
  "cause": "explicit",
  "removed": false,
  "cookie_name": "d",
  "domain": ".slack.com",
  "expiration": 1747419311.901925
}
[04/11/24, 23:45:11:905] info: Breadcrumb: electron.net: undefined 
{
  "url": "https://app.slack.com/api/desktop.features",
  "method": "GET",
  "status_code": 200
}
[04/11/24, 23:45:11:910] info: Feature Check: received experiments 
{
  "ok": true,
  "experiments": [
    {
      "experiment": "ripcord_screen_capture_kit",
      "enable_chrome_features": [
        "ScreenCaptureKitMac"
      ],
      "type": "normal"
    }
  ]
}
[04/11/24, 23:53:52:920] info: authCookieBreadcrumb: change to auth cookie 
{
  "sessionId": "PROD_DEFAULT_SESSION",
  "cause": "overwrite",
  "removed": true,
  "cookie_name": "d",
  "domain": ".slack.com",
  "expiration": 1747419311.901925
}
[04/11/24, 23:53:52:921] info: authCookieBreadcrumb: change to auth cookie 
{
  "sessionId": "PROD_DEFAULT_SESSION",
  "cause": "explicit",
  "removed": false,
  "cookie_name": "d",
  "domain": ".slack.com",
  "expiration": 1747419832.920093
}
[04/12/24, 00:20:15:178] info: Store: SET_SYSTEM_IDLE active
[04/12/24, 00:20:35:184] info: Store: SET_SYSTEM_IDLE idle
