[04/11/24, 15:45:43:266] info: 
╔══════════════════════════════════════════════════════╗
║      Slack 4.37.101, linux 6.8.2-arch2-1 on x64      ║
╚══════════════════════════════════════════════════════╝ 
[04/11/24, 15:45:43:266] info: Configured logger via 
{
  "enableConsoleTransport": true,
  "identifierOverride": "webapp-auth-console",
  "loggerInstanceCount": 4
}
[04/11/24, 15:45:43:267] info: Predefined values for process 
{
  "NODE_ENV": "production",
  "platform": "linux",
  "type": "browser",
  "timeZone": "Asia/Calcutta",
  "PACKAGE_MANIFEST.productName": "Slack",
  "PACKAGE_MANIFEST.version": "4.37.101",
  "PACKAGE_MANIFEST.commit": "889becc",
  "PACKAGE_MANIFEST.branch": "HEAD"
}
