2024-04-13 13:53:42.479 [info] Name: Python Debugger
2024-04-13 13:53:42.479 [info] Module: debugpy
2024-04-13 13:53:42.479 [error] sendDebugpySuccessActivationTelemetry() failed. [Error: Extension 'ms-python.debugpy' CANNOT use API proposal: portsAttributes.
Its package.json#enabledApiProposals-property declares:  but NOT portsAttributes.
 The missing proposal MUST be added and you must start in extension development mode or use the following command line switch: --enable-proposed-api ms-python.debugpy
	at C (/usr/lib/code/out/vs/workbench/api/node/extensionHostProcess.js:140:50961)
	at Object.registerPortAttributesProvider (/usr/lib/code/out/vs/workbench/api/node/extensionHostProcess.js:162:42614)
	at t.registerDebugger (/home/vroomer/.vscode-oss/extensions/ms-python.debugpy-2024.4.0-linux-x64/dist/extension.js:2:878740)
	at e.activate (/home/vroomer/.vscode-oss/extensions/ms-python.debugpy-2024.4.0-linux-x64/dist/extension.js:2:1126032)
	at W.kb (/usr/lib/code/out/vs/workbench/api/node/extensionHostProcess.js:158:13457)
	at W.jb (/usr/lib/code/out/vs/workbench/api/node/extensionHostProcess.js:158:13167)
	at /usr/lib/code/out/vs/workbench/api/node/extensionHostProcess.js:158:11189
	at async o.n (/usr/lib/code/out/vs/workbench/api/node/extensionHostProcess.js:142:6237)
	at async o.m (/usr/lib/code/out/vs/workbench/api/node/extensionHostProcess.js:142:6200)
	at async o.l (/usr/lib/code/out/vs/workbench/api/node/extensionHostProcess.js:142:5657)]
2024-04-13 13:54:19.149 [info] DAP Server launched with command: /bin/python /home/vroomer/.vscode-oss/extensions/ms-python.debugpy-2024.4.0-linux-x64/bundled/libs/debugpy/adapter
2024-04-13 13:54:37.932 [info] DAP Server launched with command: /bin/python /home/vroomer/.vscode-oss/extensions/ms-python.debugpy-2024.4.0-linux-x64/bundled/libs/debugpy/adapter
2024-04-13 13:55:37.388 [info] DAP Server launched with command: /bin/python /home/vroomer/.vscode-oss/extensions/ms-python.debugpy-2024.4.0-linux-x64/bundled/libs/debugpy/adapter
2024-04-13 13:55:40.189 [info] DAP Server launched with command: /bin/python /home/vroomer/.vscode-oss/extensions/ms-python.debugpy-2024.4.0-linux-x64/bundled/libs/debugpy/adapter
2024-04-13 13:55:45.153 [info] DAP Server launched with command: /bin/python /home/vroomer/.vscode-oss/extensions/ms-python.debugpy-2024.4.0-linux-x64/bundled/libs/debugpy/adapter
2024-04-13 14:11:38.926 [info] DAP Server launched with command: /bin/python /home/vroomer/.vscode-oss/extensions/ms-python.debugpy-2024.4.0-linux-x64/bundled/libs/debugpy/adapter
