2024-04-06 04:27:27.886 [info] Log level: Info
2024-04-06 04:27:27.886 [info] Validating found git in: "git"
2024-04-06 04:27:27.886 [info] Using git "2.44.0" from "git"
2024-04-06 04:27:27.886 [info] > git rev-parse --show-toplevel [6ms]
2024-04-06 04:27:27.886 [info] > git rev-parse --git-dir --git-common-dir [4ms]
2024-04-06 04:27:27.886 [info] Open repository: /home/vroomer/Periodize.App
2024-04-06 04:27:27.887 [info] > git rev-parse --show-toplevel [9ms]
2024-04-06 04:27:27.887 [info] > git config --get commit.template [18ms]
2024-04-06 04:27:27.929 [info] > git for-each-ref --format=%(refname)%00%(upstream:short)%00%(objectname)%00%(upstream:track)%00%(upstream:remotename)%00%(upstream:remoteref) refs/heads/main refs/remotes/main [2ms]
2024-04-06 04:27:27.929 [info] > git rev-parse --show-toplevel [11ms]
2024-04-06 04:27:27.941 [info] > git rev-parse --show-toplevel [3ms]
2024-04-06 04:27:27.957 [info] > git status -z -uall [9ms]
2024-04-06 04:27:27.957 [info] > git rev-parse --show-toplevel [2ms]
2024-04-06 04:27:28.045 [info] > git config --get commit.template [5ms]
2024-04-06 04:27:28.045 [info] > git rev-parse --show-toplevel [12ms]
2024-04-06 04:27:28.096 [info] > git for-each-ref --format=%(refname)%00%(upstream:short)%00%(objectname)%00%(upstream:track)%00%(upstream:remotename)%00%(upstream:remoteref) refs/heads/main refs/remotes/main [27ms]
2024-04-06 04:27:28.096 [info] > git rev-parse --show-toplevel [36ms]
2024-04-06 04:27:28.155 [info] > git rev-parse --show-toplevel [11ms]
2024-04-06 04:27:28.156 [info] > git status -z -uall [3ms]
2024-04-06 04:27:28.552 [info] > git check-ignore -v -z --stdin [1ms]
2024-04-06 04:27:28.719 [info] > git show --textconv :src/models/ExerciseChart.ts [7ms]
2024-04-06 04:27:28.721 [info] > git ls-files --stage -- /home/vroomer/Periodize.App/src/models/ExerciseChart.ts [2ms]
2024-04-06 04:27:30.865 [info] > git config --get commit.template [26ms]
2024-04-06 04:27:30.867 [info] > git for-each-ref --format=%(refname)%00%(upstream:short)%00%(objectname)%00%(upstream:track)%00%(upstream:remotename)%00%(upstream:remoteref) refs/heads/main refs/remotes/main [5ms]
2024-04-06 04:27:30.889 [info] > git status -z -uall [5ms]
2024-04-06 04:27:30.929 [info] > git ls-files --stage -- /home/vroomer/Periodize.App/src/models/ExerciseChart.ts [2ms]
2024-04-06 04:27:30.944 [info] > git cat-file -s e07c61971c1ab3d1d08134e7f4f601faa86962cf [3ms]
2024-04-06 04:27:30.961 [info] > git show --textconv :src/models/ExerciseChart.ts [3ms]
2024-04-06 04:27:48.226 [info] > git config --get commit.template [5ms]
2024-04-06 04:27:48.226 [info] > git for-each-ref --format=%(refname)%00%(upstream:short)%00%(objectname)%00%(upstream:track)%00%(upstream:remotename)%00%(upstream:remoteref) refs/heads/main refs/remotes/main [1ms]
2024-04-06 04:27:48.234 [info] > git status -z -uall [2ms]
2024-04-06 04:27:48.339 [info] > git ls-files --stage -- /home/vroomer/Periodize.App/src/models/ExerciseChart.ts [4ms]
2024-04-06 04:27:48.347 [info] > git cat-file -s e07c61971c1ab3d1d08134e7f4f601faa86962cf [1ms]
2024-04-06 04:27:48.358 [info] > git show --textconv :src/models/ExerciseChart.ts [1ms]
2024-04-06 04:27:58.370 [info] > git config --get commit.template [5ms]
2024-04-06 04:27:58.371 [info] > git for-each-ref --format=%(refname)%00%(upstream:short)%00%(objectname)%00%(upstream:track)%00%(upstream:remotename)%00%(upstream:remoteref) refs/heads/main refs/remotes/main [2ms]
2024-04-06 04:27:58.377 [info] > git status -z -uall [1ms]
2024-04-06 04:27:58.488 [info] > git ls-files --stage -- /home/vroomer/Periodize.App/src/models/ExerciseChart.ts [4ms]
2024-04-06 04:27:58.512 [info] > git cat-file -s e07c61971c1ab3d1d08134e7f4f601faa86962cf [5ms]
2024-04-06 04:27:58.542 [info] > git show --textconv :src/models/ExerciseChart.ts [5ms]
