2024-04-13 13:50:34.628 [info] Log level: Info
2024-04-13 13:50:34.628 [info] Validating found git in: "git"
2024-04-13 13:50:34.648 [info] Using git "2.44.0" from "git"
2024-04-13 13:50:34.671 [info] > git rev-parse --show-toplevel [12ms]
2024-04-13 13:50:34.936 [info] > git rev-parse --git-dir --git-common-dir [3ms]
2024-04-13 13:50:34.939 [info] Open repository: /home/vroomer/codecrafters-redis-rust
2024-04-13 13:50:34.951 [info] > git rev-parse --show-toplevel [3ms]
2024-04-13 13:50:34.952 [info] > git config --get commit.template [7ms]
2024-04-13 13:50:34.961 [info] > git rev-parse --show-toplevel [5ms]
2024-04-13 13:50:34.966 [info] > git rev-parse --show-toplevel [2ms]
2024-04-13 13:50:34.970 [info] > git rev-parse --show-toplevel [1ms]
2024-04-13 13:50:34.977 [info] > git for-each-ref --format=%(refname)%00%(upstream:short)%00%(objectname)%00%(upstream:track)%00%(upstream:remotename)%00%(upstream:remoteref) refs/heads/master refs/remotes/master [18ms]
2024-04-13 13:50:34.989 [info] > git status -z -uall [8ms]
2024-04-13 13:50:35.000 [info] > git merge-base refs/heads/master refs/remotes/origin/master [7ms]
2024-04-13 13:50:35.004 [info] > git config --get commit.template [5ms]
2024-04-13 13:50:35.012 [info] > git for-each-ref --format=%(refname)%00%(upstream:short)%00%(objectname)%00%(upstream:track)%00%(upstream:remotename)%00%(upstream:remoteref) refs/heads/master refs/remotes/master [1ms]
2024-04-13 13:50:35.015 [info] > git rev-list --count --left-right refs/heads/master...refs/remotes/origin/master [12ms]
2024-04-13 13:50:35.019 [info] > git status -z -uall [4ms]
2024-04-13 13:50:35.020 [info] > git diff --name-status -z --diff-filter=ADMR 657509dc8817d766ba85a1fc75bf875358336f2e...refs/remotes/origin/master [2ms]
2024-04-13 13:50:35.248 [info] > git ls-files --stage -- /home/vroomer/codecrafters-redis-rust/src/command/command.rs [1ms]
2024-04-13 13:50:35.252 [info] > git show --textconv :src/command/command.rs [9ms]
2024-04-13 13:50:35.253 [info] > git cat-file -s 6d2266ac6065578ce17ebae995d21f898ddb66b4 [1ms]
2024-04-13 13:50:35.475 [info] > git check-ignore -v -z --stdin [1ms]
2024-04-13 13:50:36.499 [info] > git config --get commit.template [4ms]
2024-04-13 13:50:36.499 [info] > git for-each-ref --format=%(refname)%00%(upstream:short)%00%(objectname)%00%(upstream:track)%00%(upstream:remotename)%00%(upstream:remoteref) refs/heads/master refs/remotes/master [1ms]
2024-04-13 13:50:36.504 [info] > git status -z -uall [2ms]
2024-04-13 13:50:41.780 [info] > git config --get commit.template [7ms]
2024-04-13 13:50:41.781 [info] > git for-each-ref --format=%(refname)%00%(upstream:short)%00%(objectname)%00%(upstream:track)%00%(upstream:remotename)%00%(upstream:remoteref) refs/heads/master refs/remotes/master [1ms]
2024-04-13 13:50:41.787 [info] > git status -z -uall [2ms]
